
 *****************************************************
 * XTurb-PSU ++ XTurb-PSU ++ XTurb-PSU ++ XTurb-PSU  *
 *                                                   *
 * A WIND TURBINE Design & Analysis Tool             *
 *   Developed at The Pennsylvania State University  *
 *                                                   *
 * Contact:  SVEN SCHMITZ                            *
 *                                                   *
 *           Assistant Professor                     *
 *           Department of Aerospace Engineering     *
 *           The Pennsylvania State University       *
 *           University Park, PA 16802               *
 *           phone: 814-863-0778                     *
 *           email: sus52@psu.edu                    *
 *****************************************************

 *****************************************************
 *                     INPUTS                        *
 *****************************************************

 ***** BLADE *****

 Blade Name                  =  NREL-PhaseVI                  
 Blade Number    BN          =  2
 Root Location   ROOT        = 
   0.2500
 Blade Taper     NTAPER      =  2
   r/R      c/R
   0.2500   0.1465
   1.0000   0.0707
 Blade Twist     NTWIST      =  20
   r/R      deg
   0.2500  20.0400
   0.2670  18.0740
   0.3000  14.2920
   0.3280  11.9090
   0.3880   7.9790
   0.4490   5.3080
   0.4660   4.7150
   0.5090   3.4250
   0.5700   2.0830
   0.6310   1.1500
   0.6330   1.1150
   0.6910   0.4940
   0.7520  -0.0150
   0.8000  -0.3810
   0.8120  -0.4750
   0.8730  -0.9200
   0.9340  -1.3520
   0.9500  -1.4690
   0.9940  -1.7750
   1.0000  -1.8160
 Airfoil Polars  NAIRF       =  1
   r/R     File
   0.2500 ./S809_Re500E5.polar                                        

 Purely Linear Interpolation AIRFINT =  1

 Blending Airfoils BLENDAIRF =  0
    No
 Stall Delay Model STALLDELAY =  0
    No
 Viterna Correction  VITERNA =  1
    Yes

 Blade Sweep     NSWEEP      =  2
   r/R      sw/R
   0.2500   0.0000
   1.0000   0.0000
 Blade Dihedral  NDIHED      =  2
   r/R      di/R
   0.2500   0.0000
   1.0000   0.0000
 Twist Axis      NTWAX       =  2
   r/R      tw/c
   0.2500   0.3000
   1.0000   0.3000
 Pitch Axis      NPIAX       =  2
   r/R      pi/c
   0.2500   0.3000
   1.0000   0.3000

 ***** OPERATION *****

 PREDICTION                  =   1
 Blade Radius    BRADIUS     =    5.03[m]
 Air Density     RHOAIR      =    1.225[kg/m**3]
 Air Dyn. Visc.  MUAIR       =    1.8E-005[kg/(m*s)]
 Number of Cases NPRE        =   2

    VWIND [m/s]  RPM [1/min]   PITCH [deg]
       7.0000      72.0000       3.0000
       7.0000      72.0000       3.0000

 Total of NPRE = 2cases.

 +++++++ The following cases will be computed. +++++++

 Equation :  TSR = (Omega*BRADIUS)/VWIND
                 = (2*pi/60*RPM*BRADIUS)/VWIND

   Number   TSR      PITCH [deg]
        1   5.4179   3.0000
        2   5.4179   3.0000

 +++++++++++++++++++++++++++++++++++++++++++++++++++++

 ***** SOLVER *****

 Radial Stations JX          =  31

 Point Distribution COSDISTR =  0
    UNIFORM


 Solution        METHOD      =  1

 BLADE ELEMENT MOMENTUM THEORY (BEMT)

  Reading Inputs from BEMT Input List ...

 ***** BEMT *****

 Root Loss Factor      RLOSS =  1
  Tip Loss Factor      TLOSS =  1

 Relaxation Factors for Convergence
  Axial   Induction Factor    AXRELAX =   0.125
  Angular Induction Factor    ATRELAX =   0.125

 Output Files for gnuplot ...
    Yes

 *****************************************************
 *                 AIRFOIL DATA                      *
 *****************************************************

 ***** Airfoil Polars  NAIRF       =  1 *****

 *** Polar # 1***
   r/R     File
   0.2500 ./S809_Re500E5.polar                                        

   From     To      (r/R)
   0.2500   1.0000

 +++++ Extrema of Cl vs. alpha +++++

      Extremum = 29 CL =  1.0733
      Extremum = 31 CL =  1.0709
      Extremum = 39 CL =  1.0958

 Number  AOA[deg]    CL       CD       CDP      CM
 ---------------------------------------------------
    1     0.0000   0.1452   0.0135   0.0068  -0.0431
    2     0.5000   0.2046   0.0136   0.0069  -0.0447
    3     1.0000   0.2633   0.0136   0.0070  -0.0461
    4     1.5000   0.3223   0.0136   0.0072  -0.0474
    5     2.0000   0.3814   0.0137   0.0073  -0.0488
    6     2.5000   0.4404   0.0138   0.0075  -0.0502
    7     3.0000   0.4996   0.0138   0.0076  -0.0515
    8     3.5000   0.5594   0.0139   0.0077  -0.0529
    9     4.0000   0.6180   0.0139   0.0078  -0.0540
   10     4.5000   0.6763   0.0134   0.0074  -0.0549
   11     5.0000   0.7339   0.0131   0.0072  -0.0555
   12     5.5000   0.7923   0.0127   0.0069  -0.0562
   13     6.0000   0.8488   0.0122   0.0067  -0.0567
   14     6.5000   0.9053   0.0118   0.0064  -0.0571
   15     7.5000   0.9690   0.0149   0.0083  -0.0515
   16     8.0000   0.9871   0.0169   0.0099  -0.0472
   17     8.5000   0.9984   0.0188   0.0116  -0.0420
   18     9.0000   1.0088   0.0212   0.0139  -0.0382
   19     9.5000   1.0103   0.0246   0.0173  -0.0351
   20    10.0000   1.0124   0.0284   0.0212  -0.0328
   21    10.5000   1.0184   0.0320   0.0249  -0.0308
   22    11.0000   1.0301   0.0352   0.0282  -0.0293
   23    11.5000   1.0313   0.0393   0.0324  -0.0276
   24    12.0000   1.0382   0.0432   0.0365  -0.0263
   25    12.5000   1.0482   0.0471   0.0406  -0.0255
   26    13.0000   1.0570   0.0513   0.0449  -0.0248
   27    13.5000   1.0658   0.0556   0.0494  -0.0245
   28    13.7500   1.0696   0.0579   0.0518  -0.0245
   29    14.0000   1.0733   0.0602   0.0542  -0.0244
   30    14.2500   1.0721   0.0631   0.0571  -0.0243
   31    14.5000   1.0709   0.0659   0.0600  -0.0242
   32    14.7500   1.0721   0.0685   0.0627  -0.0240
   33    15.0000   1.0734   0.0711   0.0654  -0.0238
   34    15.5000   1.0822   0.0761   0.0706  -0.0244
   35    16.0000   1.0885   0.0814   0.0762  -0.0252
   36    16.5000   1.0929   0.0872   0.0821  -0.0264
   37    17.0000   1.0953   0.0934   0.0886  -0.0282
   38    17.2500   1.0956   0.0967   0.0921  -0.0295
   39    17.5000   1.0958   0.1001   0.0956  -0.0308
   40    17.7500   1.0950   0.1038   0.0994  -0.0325
   41    18.0000   1.0942   0.1075   0.1032  -0.0341
   42    18.5000   1.0904   0.1155   0.1114  -0.0383
   43    19.0000   1.0839   0.1244   0.1206  -0.0437
   44    19.5000   1.0749   0.1344   0.1309  -0.0503
   45    20.0000   1.0638   0.1457   0.1424  -0.0584
   46    20.5000   1.0562   0.1589   0.1424  -0.0584
   47    90.0000   0.0000   2.0000   0.1424  -0.0584

 *****************************************************
 *           RADIAL DISTRIBUTION - INPUT             *
 *****************************************************

 Using a UNIFORM distribution from root to tip ...

 Input Data interpolated to radial stations r(j)

  Number  r/R    Chord/R Twist[deg] Sweep/R  Dihed/R  Polar #
 -------------------------------------------------------------
     1   0.2500   0.1465  20.0400   0.0000   0.0000     1
     2   0.2750   0.1440  17.1572   0.0000   0.0000     1
     3   0.3000   0.1414  14.2920   0.0000   0.0000     1
     4   0.3250   0.1389  12.1643   0.0000   0.0000     1
     5   0.3500   0.1364  10.4680   0.0000   0.0000     1
     6   0.3750   0.1339   8.8305   0.0000   0.0000     1
     7   0.4000   0.1313   7.4536   0.0000   0.0000     1
     8   0.4250   0.1288   6.3589   0.0000   0.0000     1
     9   0.4500   0.1263   5.2731   0.0000   0.0000     1
    10   0.4750   0.1238   4.4450   0.0000   0.0000     1
    11   0.5000   0.1212   3.6950   0.0000   0.0000     1
    12   0.5250   0.1187   3.0730   0.0000   0.0000     1
    13   0.5500   0.1162   2.5230   0.0000   0.0000     1
    14   0.5750   0.1137   2.0065   0.0000   0.0000     1
    15   0.6000   0.1111   1.6241   0.0000   0.0000     1
    16   0.6250   0.1086   1.2418   0.0000   0.0000     1
    17   0.6500   0.1061   0.9330   0.0000   0.0000     1
    18   0.6750   0.1035   0.6653   0.0000   0.0000     1
    19   0.7000   0.1010   0.4189   0.0000   0.0000     1
    20   0.7250   0.0985   0.2103   0.0000   0.0000     1
    21   0.7500   0.0960   0.0017   0.0000   0.0000     1
    22   0.7750   0.0934  -0.1904   0.0000   0.0000     1
    23   0.8000   0.0909  -0.3810   0.0000   0.0000     1
    24   0.8250   0.0884  -0.5698   0.0000   0.0000     1
    25   0.8500   0.0859  -0.7522   0.0000   0.0000     1
    26   0.8750   0.0833  -0.9342   0.0000   0.0000     1
    27   0.9000   0.0808  -1.1112   0.0000   0.0000     1
    28   0.9250   0.0783  -1.2883   0.0000   0.0000     1
    29   0.9500   0.0758  -1.4690   0.0000   0.0000     1
    30   0.9750   0.0732  -1.6429   0.0000   0.0000     1
    31   1.0000   0.0707  -1.8160   0.0000   0.0000     1



 *****************************************************
 *                                                   *
 *         Modifying Airfoil Polar Data with:        *
 *           - Viterna Correction                    *

 WARNNING: Airfoil Polar Data Input Problem
 Polar AOA must end at 89(deg) for Viterna Correction

 *                                                   *
 *****************************************************

 ***** Airfoil Polars (Total)      =  1 *****
 ***** Airfoil Polars (New)        =  0 *****

 *** Polar # 1***
   r/R     Original File
   0.2500 ./S809_Re500E5.polar                                        

   From     To      (r/R)
   0.2500   1.0000

 Number  AOA[deg]    CL       CD       CDP      CM
 ---------------------------------------------------
    1  -180.0000   0.0000   0.0100   0.0050   0.0000
    2  -170.0000   0.0000   0.0000   0.0000  -0.1000
    3  -160.0000   0.0000   0.0000   0.0000  -0.1000
    4  -150.0000   0.0000   0.0000   0.0000  -0.1000
    5  -140.0000   0.0000   0.0000   0.0000  -0.1000
    6  -130.0000   0.0000   0.0000   0.0000  -0.1000
    7  -120.0000   0.0000   0.0000   0.0000  -0.1000
    8  -110.0000   0.0000   0.0000   0.0000  -0.1000
    9  -100.0000   0.0000   0.0000   0.0000  -0.1000
   10   -90.0000   0.0153   0.0008   0.0004  -0.0849
   11   -80.0000   0.0306   0.0016   0.0008  -0.0798
   12   -70.0000   0.0459   0.0024   0.0012  -0.0746
   13   -60.0000   0.0611   0.0032   0.0016  -0.0695
   14   -50.0000   0.0764   0.0041   0.0020  -0.0644
   15   -40.0000   0.0917   0.0049   0.0025  -0.0593
   16   -30.0000   0.1070   0.0057   0.0029  -0.0542
   17   -20.0000   0.1223   0.0065   0.0033  -0.0490
   18   -10.0000   0.1376   0.0073   0.0037  -0.0439
   19     0.0000   0.1452   0.0135   0.0068  -0.0431
   20     0.5000   0.2046   0.0136   0.0069  -0.0447
   21     1.0000   0.2633   0.0136   0.0070  -0.0461
   22     1.5000   0.3223   0.0136   0.0072  -0.0474
   23     2.0000   0.3814   0.0137   0.0073  -0.0488
   24     2.5000   0.4404   0.0138   0.0075  -0.0502
   25     3.0000   0.4996   0.0138   0.0076  -0.0515
   26     3.5000   0.5594   0.0139   0.0077  -0.0529
   27     4.0000   0.6180   0.0139   0.0078  -0.0540
   28     4.5000   0.6763   0.0134   0.0074  -0.0549
   29     5.0000   0.7339   0.0131   0.0072  -0.0555
   30     5.5000   0.7923   0.0127   0.0069  -0.0562
   31     6.0000   0.8488   0.0122   0.0067  -0.0567
   32     6.5000   0.9053   0.0118   0.0064  -0.0571
   33     7.5000   0.9690   0.0149   0.0083  -0.0515
   34     8.0000   0.9871   0.0169   0.0099  -0.0472
   35     8.5000   0.9984   0.0188   0.0116  -0.0420
   36     9.0000   1.0088   0.0212   0.0139  -0.0382
   37     9.5000   1.0103   0.0246   0.0173  -0.0351
   38    10.0000   1.0124   0.0284   0.0212  -0.0328
   39    10.5000   1.0184   0.0320   0.0249  -0.0308
   40    11.0000   1.0301   0.0352   0.0282  -0.0293
   41    11.5000   1.0313   0.0393   0.0324  -0.0276
   42    12.0000   1.0382   0.0432   0.0365  -0.0263
   43    12.5000   1.0482   0.0471   0.0406  -0.0255
   44    13.0000   1.0570   0.0513   0.0449  -0.0248
   45    13.5000   1.0658   0.0556   0.0494  -0.0245
   46    13.7500   1.0696   0.0579   0.0518  -0.0245
   47    14.0000   1.0733   0.0602   0.0542  -0.0244
   48    14.2500   1.0721   0.0631   0.0571  -0.0243
   49    14.5000   1.0709   0.0659   0.0600  -0.0242
   50    14.7500   1.0721   0.0685   0.0627  -0.0240
   51    15.0000   1.0734   0.0711   0.0654  -0.0238
   52    15.5000   1.0822   0.0761   0.0706  -0.0244
   53    16.0000   1.0885   0.0814   0.0762  -0.0252
   54    16.5000   1.0929   0.0872   0.0821  -0.0264
   55    17.0000   1.0953   0.0934   0.0886  -0.0282
   56    17.2500   1.0956   0.0967   0.0921  -0.0295
   57    17.5000   1.0958   0.1001   0.0956  -0.0308
   58    17.7500   1.0950   0.1038   0.0994  -0.0325
   59    18.0000   1.0942   0.1075   0.1032  -0.0341
   60    18.5000   1.0904   0.1155   0.1114  -0.0383
   61    19.0000   1.0839   0.1244   0.1206  -0.0437
   62    19.5000   1.0749   0.1344   0.1309  -0.0503
   63    20.0000   1.0638   0.1457   0.1424  -0.0584
   64    20.5000   1.0562   0.1589   0.1424  -0.0584
   65    90.0000   0.0000   2.0000   0.1424  -0.0584
   66   100.0000   0.0000   0.0000   0.0000   0.0000
   67   110.0000   0.0000   0.0000   0.0000   0.0000
   68   120.0000   0.0000   0.0000   0.0000   0.0000
   69   130.0000   0.0000   0.0000   0.0000   0.0000
   70   140.0000   0.0000   0.0000   0.0000   0.0000
   71   150.0000   0.0000   0.0000   0.0000   0.0000
   72   160.0000   0.0000   0.0000   0.0000   0.0000
   73   170.0000   0.0000   0.0000   0.0000   0.0000
   74   180.0000   0.0000   0.0100   0.0050   0.0000

 *****************************************************
 *    +++ SOLUTION +++ SOLUTION +++ SOLUTION +++     *
 *****************************************************

 ++++++++++ NEW CASE +++++++++++
   Number   TSR      PITCH [deg]
        1   5.4179   3.0000

 Non-Dimensionalization :
  Length Scales    => Blade Radius  BRADIUS
  Velocity Scales  => Wind Speed    VWIND

  In other words ... BRADIUS = VWIND = 1.00

 Modifying Blade Twist from INPUT :
  Adding  4.816deg to get Tip Pitch Angle of  3.deg

  Number    r/R     Twist[deg]
 ------------------------------
        1   0.2500  24.8560
        2   0.2750  21.9732
        3   0.3000  19.1080
        4   0.3250  16.9803
        5   0.3500  15.2840
        6   0.3750  13.6465
        7   0.4000  12.2696
        8   0.4250  11.1749
        9   0.4500  10.0891
       10   0.4750   9.2610
       11   0.5000   8.5110
       12   0.5250   7.8890
       13   0.5500   7.3390
       14   0.5750   6.8225
       15   0.6000   6.4401
       16   0.6250   6.0578
       17   0.6500   5.7490
       18   0.6750   5.4813
       19   0.7000   5.2349
       20   0.7250   5.0263
       21   0.7500   4.8177
       22   0.7750   4.6256
       23   0.8000   4.4350
       24   0.8250   4.2462
       25   0.8500   4.0638
       26   0.8750   3.8818
       27   0.9000   3.7048
       28   0.9250   3.5277
       29   0.9500   3.3470
       30   0.9750   3.1731
       31   1.0000   3.0000

 Note that Tip Pitch > 0 means ...
   i) Nose Down  or
  ii) Nose into the Wind

  ... this is different from Rotorcraft !

 +++++++++++++++++++++++++++++++++++++++++++++
 +    BLADE ELEMENT MOMENTUM THEORY (BEMT)   +
 +++++++++++++++++++++++++++++++++++++++++++++


 At j= 1 i.e. r=  0.25
 Windmill State          dCT/F =   3.81504886E-008
 Convergence was achieved in  89iterations.

 At j= 2 i.e. r=  0.275
 Windmill State          dCT/F =   0.700264299
 Convergence was achieved in  49iterations.

 At j= 3 i.e. r=  0.3
 Windmill State          dCT/F =   0.673273819
 Convergence was achieved in  71iterations.

 At j= 4 i.e. r=  0.325
 Windmill State          dCT/F =   0.652613603
 Convergence was achieved in  74iterations.

 At j= 5 i.e. r=  0.35
 Windmill State          dCT/F =   0.631620913
 Convergence was achieved in  81iterations.

 At j= 6 i.e. r=  0.375
 Windmill State          dCT/F =   0.622008444
 Convergence was achieved in  85iterations.

 At j= 7 i.e. r=  0.4
 Windmill State          dCT/F =   0.615702694
 Convergence was achieved in  93iterations.

 At j= 8 i.e. r=  0.425
 Windmill State          dCT/F =   0.61187335
 Convergence was achieved in  95iterations.

 At j= 9 i.e. r=  0.45
 Windmill State          dCT/F =   0.615010197
 Convergence was achieved in  97iterations.

 At j= 10 i.e. r=  0.475
 Windmill State          dCT/F =   0.618802881
 Convergence was achieved in  98iterations.

 At j= 11 i.e. r=  0.5
 Windmill State          dCT/F =   0.625204321
 Convergence was achieved in  100iterations.

 At j= 12 i.e. r=  0.525
 Windmill State          dCT/F =   0.63219012
 Convergence was achieved in  101iterations.

 At j= 13 i.e. r=  0.55
 Windmill State          dCT/F =   0.639397418
 Convergence was achieved in  96iterations.

 At j= 14 i.e. r=  0.575
 Windmill State          dCT/F =   0.646221613
 Convergence was achieved in  96iterations.

 At j= 15 i.e. r=  0.6
 Windmill State          dCT/F =   0.650486112
 Convergence was achieved in  95iterations.

 At j= 16 i.e. r=  0.625
 Windmill State          dCT/F =   0.656202385
 Convergence was achieved in  96iterations.

 At j= 17 i.e. r=  0.65
 Windmill State          dCT/F =   0.660813958
 Convergence was achieved in  96iterations.

 At j= 18 i.e. r=  0.675
 Windmill State          dCT/F =   0.665331492
 Convergence was achieved in  96iterations.

 At j= 19 i.e. r=  0.7
 Windmill State          dCT/F =   0.667436215
 Convergence was achieved in  87iterations.

 At j= 20 i.e. r=  0.725
 Windmill State          dCT/F =   0.667897978
 Convergence was achieved in  85iterations.

 At j= 21 i.e. r=  0.75
 Windmill State          dCT/F =   0.670320576
 Convergence was achieved in  85iterations.

 At j= 22 i.e. r=  0.775
 Windmill State          dCT/F =   0.674314187
 Convergence was achieved in  84iterations.

 At j= 23 i.e. r=  0.8
 Windmill State          dCT/F =   0.680781704
 Convergence was achieved in  84iterations.

 At j= 24 i.e. r=  0.825
 Windmill State          dCT/F =   0.690515904
 Convergence was achieved in  84iterations.

 At j= 25 i.e. r=  0.85
 Windmill State          dCT/F =   0.703967131
 Convergence was achieved in  82iterations.

 At j= 26 i.e. r=  0.875
 Windmill State          dCT/F =   0.723034056
 Convergence was achieved in  81iterations.

 At j= 27 i.e. r=  0.9
 Windmill State          dCT/F =   0.749900292
 Convergence was achieved in  79iterations.

 At j= 28 i.e. r=  0.925
 Windmill State          dCT/F =   0.789109344
 Convergence was achieved in  78iterations.

 At j= 29 i.e. r=  0.95
 Windmill State          dCT/F =   0.848135908
 Convergence was achieved in  76iterations.

 At j= 30 i.e. r=  0.975
 Windmill State          dCT/F =   0.939458022
 Convergence was achieved in  63iterations.

 At j= 31 i.e. r=  1.
 Windmill State          dCT/F =   6.05353398E-008
 Convergence was achieved in  89iterations.

 BLADE ELEMENT MOMENTUM THEORY (BEMT)

 ++++++++++ NEW CASE +++++++++++
   Number   TSR      PITCH [deg]
        2   5.4179   3.0000

 Non-Dimensionalization :
  Length Scales    => Blade Radius  BRADIUS
  Velocity Scales  => Wind Speed    VWIND

  In other words ... BRADIUS = VWIND = 1.00

 Modifying Blade Twist from INPUT :
  Adding  4.816deg to get Tip Pitch Angle of  3.deg

  Number    r/R     Twist[deg]
 ------------------------------
        1   0.2500  24.8560
        2   0.2750  21.9732
        3   0.3000  19.1080
        4   0.3250  16.9803
        5   0.3500  15.2840
        6   0.3750  13.6465
        7   0.4000  12.2696
        8   0.4250  11.1749
        9   0.4500  10.0891
       10   0.4750   9.2610
       11   0.5000   8.5110
       12   0.5250   7.8890
       13   0.5500   7.3390
       14   0.5750   6.8225
       15   0.6000   6.4401
       16   0.6250   6.0578
       17   0.6500   5.7490
       18   0.6750   5.4813
       19   0.7000   5.2349
       20   0.7250   5.0263
       21   0.7500   4.8177
       22   0.7750   4.6256
       23   0.8000   4.4350
       24   0.8250   4.2462
       25   0.8500   4.0638
       26   0.8750   3.8818
       27   0.9000   3.7048
       28   0.9250   3.5277
       29   0.9500   3.3470
       30   0.9750   3.1731
       31   1.0000   3.0000

 Note that Tip Pitch > 0 means ...
   i) Nose Down  or
  ii) Nose into the Wind

  ... this is different from Rotorcraft !

 +++++++++++++++++++++++++++++++++++++++++++++
 +    BLADE ELEMENT MOMENTUM THEORY (BEMT)   +
 +++++++++++++++++++++++++++++++++++++++++++++


 At j= 1 i.e. r=  0.25
 Windmill State          dCT/F =   3.81504886E-008
 Convergence was achieved in  89iterations.

 At j= 2 i.e. r=  0.275
 Windmill State          dCT/F =   0.700264299
 Convergence was achieved in  49iterations.

 At j= 3 i.e. r=  0.3
 Windmill State          dCT/F =   0.673273819
 Convergence was achieved in  71iterations.

 At j= 4 i.e. r=  0.325
 Windmill State          dCT/F =   0.652613603
 Convergence was achieved in  74iterations.

 At j= 5 i.e. r=  0.35
 Windmill State          dCT/F =   0.631620913
 Convergence was achieved in  81iterations.

 At j= 6 i.e. r=  0.375
 Windmill State          dCT/F =   0.622008444
 Convergence was achieved in  85iterations.

 At j= 7 i.e. r=  0.4
 Windmill State          dCT/F =   0.615702694
 Convergence was achieved in  93iterations.

 At j= 8 i.e. r=  0.425
 Windmill State          dCT/F =   0.61187335
 Convergence was achieved in  95iterations.

 At j= 9 i.e. r=  0.45
 Windmill State          dCT/F =   0.615010197
 Convergence was achieved in  97iterations.

 At j= 10 i.e. r=  0.475
 Windmill State          dCT/F =   0.618802881
 Convergence was achieved in  98iterations.

 At j= 11 i.e. r=  0.5
 Windmill State          dCT/F =   0.625204321
 Convergence was achieved in  100iterations.

 At j= 12 i.e. r=  0.525
 Windmill State          dCT/F =   0.63219012
 Convergence was achieved in  101iterations.

 At j= 13 i.e. r=  0.55
 Windmill State          dCT/F =   0.639397418
 Convergence was achieved in  96iterations.

 At j= 14 i.e. r=  0.575
 Windmill State          dCT/F =   0.646221613
 Convergence was achieved in  96iterations.

 At j= 15 i.e. r=  0.6
 Windmill State          dCT/F =   0.650486112
 Convergence was achieved in  95iterations.

 At j= 16 i.e. r=  0.625
 Windmill State          dCT/F =   0.656202385
 Convergence was achieved in  96iterations.

 At j= 17 i.e. r=  0.65
 Windmill State          dCT/F =   0.660813958
 Convergence was achieved in  96iterations.

 At j= 18 i.e. r=  0.675
 Windmill State          dCT/F =   0.665331492
 Convergence was achieved in  96iterations.

 At j= 19 i.e. r=  0.7
 Windmill State          dCT/F =   0.667436215
 Convergence was achieved in  87iterations.

 At j= 20 i.e. r=  0.725
 Windmill State          dCT/F =   0.667897978
 Convergence was achieved in  85iterations.

 At j= 21 i.e. r=  0.75
 Windmill State          dCT/F =   0.670320576
 Convergence was achieved in  85iterations.

 At j= 22 i.e. r=  0.775
 Windmill State          dCT/F =   0.674314187
 Convergence was achieved in  84iterations.

 At j= 23 i.e. r=  0.8
 Windmill State          dCT/F =   0.680781704
 Convergence was achieved in  84iterations.

 At j= 24 i.e. r=  0.825
 Windmill State          dCT/F =   0.690515904
 Convergence was achieved in  84iterations.

 At j= 25 i.e. r=  0.85
 Windmill State          dCT/F =   0.703967131
 Convergence was achieved in  82iterations.

 At j= 26 i.e. r=  0.875
 Windmill State          dCT/F =   0.723034056
 Convergence was achieved in  81iterations.

 At j= 27 i.e. r=  0.9
 Windmill State          dCT/F =   0.749900292
 Convergence was achieved in  79iterations.

 At j= 28 i.e. r=  0.925
 Windmill State          dCT/F =   0.789109344
 Convergence was achieved in  78iterations.

 At j= 29 i.e. r=  0.95
 Windmill State          dCT/F =   0.848135908
 Convergence was achieved in  76iterations.

 At j= 30 i.e. r=  0.975
 Windmill State          dCT/F =   0.939458022
 Convergence was achieved in  63iterations.

 At j= 31 i.e. r=  1.
 Windmill State          dCT/F =   6.05353398E-008
 Convergence was achieved in  89iterations.

 BLADE ELEMENT MOMENTUM THEORY (BEMT)

