
 *****************************************************
 * XTurb-PSU ++ XTurb-PSU ++ XTurb-PSU ++ XTurb-PSU  *
 *                                                   *
 * A WIND TURBINE Design & Analysis Tool             *
 *   Developed at The Pennsylvania State University  *
 *                                                   *
 * Contact:  SVEN SCHMITZ                            *
 *                                                   *
 *           Assistant Professor                     *
 *           Department of Aerospace Engineering     *
 *           The Pennsylvania State University       *
 *           University Park, PA 16802               *
 *           phone: 814-863-0778                     *
 *           email: sus52@psu.edu                    *
 *****************************************************

 *****************************************************
 *                     INPUTS                        *
 *****************************************************

 ***** BLADE *****

 Blade Name                  =  NREL-PhaseVI                  
 Blade Number    BN          =  2
 Root Location   ROOT        = 
   0.2500
 Blade Taper     NTAPER      =  2
   r/R      c/R
   0.2500   0.1465
   1.0000   0.0707
 Blade Twist     NTWIST      =  20
   r/R      deg
   0.2500  20.0400
   0.2670  18.0740
   0.3000  14.2920
   0.3280  11.9090
   0.3880   7.9790
   0.4490   5.3080
   0.4660   4.7150
   0.5090   3.4250
   0.5700   2.0830
   0.6310   1.1500
   0.6330   1.1150
   0.6910   0.4940
   0.7520  -0.0150
   0.8000  -0.3810
   0.8120  -0.4750
   0.8730  -0.9200
   0.9340  -1.3520
   0.9500  -1.4690
   0.9940  -1.7750
   1.0000  -1.8160
 Airfoil Polars  NAIRF       =  1
   r/R     File
   0.2500 ./S809_Re500E5.polar                                        

 Purely Linear Interpolation AIRFINT =  1

 Blending Airfoils BLENDAIRF =  0
    No
 Stall Delay Model STALLDELAY =  0
    No
 Viterna Correction  VITERNA =  1
    Yes

 Blade Sweep     NSWEEP      =  2
   r/R      sw/R
   0.2500   0.0000
   1.0000   0.0000
 Blade Dihedral  NDIHED      =  2
   r/R      di/R
   0.2500   0.0000
   1.0000   0.0000
 Twist Axis      NTWAX       =  2
   r/R      tw/c
   0.2500   0.3000
   1.0000   0.3000
 Pitch Axis      NPIAX       =  2
   r/R      pi/c
   0.2500   0.3000
   1.0000   0.3000

 ***** OPERATION *****

 PREDICTION                  =   1
 Blade Radius    BRADIUS     =    5.03[m]
 Air Density     RHOAIR      =    1.225[kg/m**3]
 Air Dyn. Visc.  MUAIR       =    1.8E-005[kg/(m*s)]
 Number of Cases NPRE        =   12

    VWIND [m/s]  RPM [1/min]   PITCH [deg]
       5.0000      72.0000       3.0000
       7.0000      72.0000       3.0000
       9.0000      72.0000       3.0000
      10.0000      72.0000       3.0000
      11.0000      72.0000       3.0000
      13.0000      72.0000       3.0000
      15.0000      72.0000       3.0000
      17.0000      72.0000       3.0000
      19.0000      72.0000       3.0000
      21.0000      72.0000       3.0000
      23.0000      72.0000       3.0000
      25.0000      72.0000       3.0000

 Total of NPRE = 12cases.

 +++++++ The following cases will be computed. +++++++

 Equation :  TSR = (Omega*BRADIUS)/VWIND
                 = (2*pi/60*RPM*BRADIUS)/VWIND

   Number   TSR      PITCH [deg]
        1   7.5851   3.0000
        2   5.4179   3.0000
        3   4.2139   3.0000
        4   3.7925   3.0000
        5   3.4478   3.0000
        6   2.9173   3.0000
        7   2.5284   3.0000
        8   2.2309   3.0000
        9   1.9961   3.0000
       10   1.8060   3.0000
       11   1.6489   3.0000
       12   1.5170   3.0000

 +++++++++++++++++++++++++++++++++++++++++++++++++++++

 ***** SOLVER *****

 Radial Stations JX          =  31

 Point Distribution COSDISTR =  0
    UNIFORM


 Solution        METHOD      =  1

 BLADE ELEMENT MOMENTUM THEORY (BEMT)

  Reading Inputs from BEMT Input List ...

 ***** BEMT *****

 Root Loss Factor      RLOSS =  1
  Tip Loss Factor      TLOSS =  1

 Relaxation Factors for Convergence
  Axial   Induction Factor    AXRELAX =   0.125
  Angular Induction Factor    ATRELAX =   0.125

 Output Files for gnuplot ...
    Yes

 *****************************************************
 *                 AIRFOIL DATA                      *
 *****************************************************

 ***** Airfoil Polars  NAIRF       =  1 *****

 *** Polar # 1***
   r/R     File
   0.2500 ./S809_Re500E5.polar                                        

   From     To      (r/R)
   0.2500   1.0000

 +++++ Extrema of Cl vs. alpha +++++

      Extremum = 29 CL =  1.0733
      Extremum = 31 CL =  1.0709
      Extremum = 39 CL =  1.0958

 Number  AOA[deg]    CL       CD       CDP      CM
 ---------------------------------------------------
    1     0.0000   0.1452   0.0135   0.0068  -0.0431
    2     0.5000   0.2046   0.0136   0.0069  -0.0447
    3     1.0000   0.2633   0.0136   0.0070  -0.0461
    4     1.5000   0.3223   0.0136   0.0072  -0.0474
    5     2.0000   0.3814   0.0137   0.0073  -0.0488
    6     2.5000   0.4404   0.0138   0.0075  -0.0502
    7     3.0000   0.4996   0.0138   0.0076  -0.0515
    8     3.5000   0.5594   0.0139   0.0077  -0.0529
    9     4.0000   0.6180   0.0139   0.0078  -0.0540
   10     4.5000   0.6763   0.0134   0.0074  -0.0549
   11     5.0000   0.7339   0.0131   0.0072  -0.0555
   12     5.5000   0.7923   0.0127   0.0069  -0.0562
   13     6.0000   0.8488   0.0122   0.0067  -0.0567
   14     6.5000   0.9053   0.0118   0.0064  -0.0571
   15     7.5000   0.9690   0.0149   0.0083  -0.0515
   16     8.0000   0.9871   0.0169   0.0099  -0.0472
   17     8.5000   0.9984   0.0188   0.0116  -0.0420
   18     9.0000   1.0088   0.0212   0.0139  -0.0382
   19     9.5000   1.0103   0.0246   0.0173  -0.0351
   20    10.0000   1.0124   0.0284   0.0212  -0.0328
   21    10.5000   1.0184   0.0320   0.0249  -0.0308
   22    11.0000   1.0301   0.0352   0.0282  -0.0293
   23    11.5000   1.0313   0.0393   0.0324  -0.0276
   24    12.0000   1.0382   0.0432   0.0365  -0.0263
   25    12.5000   1.0482   0.0471   0.0406  -0.0255
   26    13.0000   1.0570   0.0513   0.0449  -0.0248
   27    13.5000   1.0658   0.0556   0.0494  -0.0245
   28    13.7500   1.0696   0.0579   0.0518  -0.0245
   29    14.0000   1.0733   0.0602   0.0542  -0.0244
   30    14.2500   1.0721   0.0631   0.0571  -0.0243
   31    14.5000   1.0709   0.0659   0.0600  -0.0242
   32    14.7500   1.0721   0.0685   0.0627  -0.0240
   33    15.0000   1.0734   0.0711   0.0654  -0.0238
   34    15.5000   1.0822   0.0761   0.0706  -0.0244
   35    16.0000   1.0885   0.0814   0.0762  -0.0252
   36    16.5000   1.0929   0.0872   0.0821  -0.0264
   37    17.0000   1.0953   0.0934   0.0886  -0.0282
   38    17.2500   1.0956   0.0967   0.0921  -0.0295
   39    17.5000   1.0958   0.1001   0.0956  -0.0308
   40    17.7500   1.0950   0.1038   0.0994  -0.0325
   41    18.0000   1.0942   0.1075   0.1032  -0.0341
   42    18.5000   1.0904   0.1155   0.1114  -0.0383
   43    19.0000   1.0839   0.1244   0.1206  -0.0437
   44    19.5000   1.0749   0.1344   0.1309  -0.0503
   45    20.0000   1.0638   0.1457   0.1424  -0.0584
   46    20.5000   1.0562   0.1589   0.1424  -0.0584
   47    90.0000   0.0000   2.0000   0.1424  -0.0584

 *****************************************************
 *           RADIAL DISTRIBUTION - INPUT             *
 *****************************************************

 Using a UNIFORM distribution from root to tip ...

 Input Data interpolated to radial stations r(j)

  Number  r/R    Chord/R Twist[deg] Sweep/R  Dihed/R  Polar #
 -------------------------------------------------------------
     1   0.2500   0.1465  20.0400   0.0000   0.0000     1
     2   0.2750   0.1440  17.1572   0.0000   0.0000     1
     3   0.3000   0.1414  14.2920   0.0000   0.0000     1
     4   0.3250   0.1389  12.1643   0.0000   0.0000     1
     5   0.3500   0.1364  10.4680   0.0000   0.0000     1
     6   0.3750   0.1339   8.8305   0.0000   0.0000     1
     7   0.4000   0.1313   7.4536   0.0000   0.0000     1
     8   0.4250   0.1288   6.3589   0.0000   0.0000     1
     9   0.4500   0.1263   5.2731   0.0000   0.0000     1
    10   0.4750   0.1238   4.4450   0.0000   0.0000     1
    11   0.5000   0.1212   3.6950   0.0000   0.0000     1
    12   0.5250   0.1187   3.0730   0.0000   0.0000     1
    13   0.5500   0.1162   2.5230   0.0000   0.0000     1
    14   0.5750   0.1137   2.0065   0.0000   0.0000     1
    15   0.6000   0.1111   1.6241   0.0000   0.0000     1
    16   0.6250   0.1086   1.2418   0.0000   0.0000     1
    17   0.6500   0.1061   0.9330   0.0000   0.0000     1
    18   0.6750   0.1035   0.6653   0.0000   0.0000     1
    19   0.7000   0.1010   0.4189   0.0000   0.0000     1
    20   0.7250   0.0985   0.2103   0.0000   0.0000     1
    21   0.7500   0.0960   0.0017   0.0000   0.0000     1
    22   0.7750   0.0934  -0.1904   0.0000   0.0000     1
    23   0.8000   0.0909  -0.3810   0.0000   0.0000     1
    24   0.8250   0.0884  -0.5698   0.0000   0.0000     1
    25   0.8500   0.0859  -0.7522   0.0000   0.0000     1
    26   0.8750   0.0833  -0.9342   0.0000   0.0000     1
    27   0.9000   0.0808  -1.1112   0.0000   0.0000     1
    28   0.9250   0.0783  -1.2883   0.0000   0.0000     1
    29   0.9500   0.0758  -1.4690   0.0000   0.0000     1
    30   0.9750   0.0732  -1.6429   0.0000   0.0000     1
    31   1.0000   0.0707  -1.8160   0.0000   0.0000     1



 *****************************************************
 *                                                   *
 *         Modifying Airfoil Polar Data with:        *
 *           - Viterna Correction                    *

 WARNNING: Airfoil Polar Data Input Problem
 Polar AOA must end at 89(deg) for Viterna Correction

 *                                                   *
 *****************************************************

 ***** Airfoil Polars (Total)      =  1 *****
 ***** Airfoil Polars (New)        =  0 *****

 *** Polar # 1***
   r/R     Original File
   0.2500 ./S809_Re500E5.polar                                        

   From     To      (r/R)
   0.2500   1.0000

 Number  AOA[deg]    CL       CD       CDP      CM
 ---------------------------------------------------
    1  -180.0000   0.0000   0.0100   0.0050   0.0000
    2  -170.0000   0.0000   0.0000   0.0000  -0.1000
    3  -160.0000   0.0000   0.0000   0.0000  -0.1000
    4  -150.0000   0.0000   0.0000   0.0000  -0.1000
    5  -140.0000   0.0000   0.0000   0.0000  -0.1000
    6  -130.0000   0.0000   0.0000   0.0000  -0.1000
    7  -120.0000   0.0000   0.0000   0.0000  -0.1000
    8  -110.0000   0.0000   0.0000   0.0000  -0.1000
    9  -100.0000   0.0000   0.0000   0.0000  -0.1000
   10   -90.0000   0.0153   0.0008   0.0004  -0.0849
   11   -80.0000   0.0306   0.0016   0.0008  -0.0798
   12   -70.0000   0.0459   0.0024   0.0012  -0.0746
   13   -60.0000   0.0611   0.0032   0.0016  -0.0695
   14   -50.0000   0.0764   0.0041   0.0020  -0.0644
   15   -40.0000   0.0917   0.0049   0.0025  -0.0593
   16   -30.0000   0.1070   0.0057   0.0029  -0.0542
   17   -20.0000   0.1223   0.0065   0.0033  -0.0490
   18   -10.0000   0.1376   0.0073   0.0037  -0.0439
   19     0.0000   0.1452   0.0135   0.0068  -0.0431
   20     0.5000   0.2046   0.0136   0.0069  -0.0447
   21     1.0000   0.2633   0.0136   0.0070  -0.0461
   22     1.5000   0.3223   0.0136   0.0072  -0.0474
   23     2.0000   0.3814   0.0137   0.0073  -0.0488
   24     2.5000   0.4404   0.0138   0.0075  -0.0502
   25     3.0000   0.4996   0.0138   0.0076  -0.0515
   26     3.5000   0.5594   0.0139   0.0077  -0.0529
   27     4.0000   0.6180   0.0139   0.0078  -0.0540
   28     4.5000   0.6763   0.0134   0.0074  -0.0549
   29     5.0000   0.7339   0.0131   0.0072  -0.0555
   30     5.5000   0.7923   0.0127   0.0069  -0.0562
   31     6.0000   0.8488   0.0122   0.0067  -0.0567
   32     6.5000   0.9053   0.0118   0.0064  -0.0571
   33     7.5000   0.9690   0.0149   0.0083  -0.0515
   34     8.0000   0.9871   0.0169   0.0099  -0.0472
   35     8.5000   0.9984   0.0188   0.0116  -0.0420
   36     9.0000   1.0088   0.0212   0.0139  -0.0382
   37     9.5000   1.0103   0.0246   0.0173  -0.0351
   38    10.0000   1.0124   0.0284   0.0212  -0.0328
   39    10.5000   1.0184   0.0320   0.0249  -0.0308
   40    11.0000   1.0301   0.0352   0.0282  -0.0293
   41    11.5000   1.0313   0.0393   0.0324  -0.0276
   42    12.0000   1.0382   0.0432   0.0365  -0.0263
   43    12.5000   1.0482   0.0471   0.0406  -0.0255
   44    13.0000   1.0570   0.0513   0.0449  -0.0248
   45    13.5000   1.0658   0.0556   0.0494  -0.0245
   46    13.7500   1.0696   0.0579   0.0518  -0.0245
   47    14.0000   1.0733   0.0602   0.0542  -0.0244
   48    14.2500   1.0721   0.0631   0.0571  -0.0243
   49    14.5000   1.0709   0.0659   0.0600  -0.0242
   50    14.7500   1.0721   0.0685   0.0627  -0.0240
   51    15.0000   1.0734   0.0711   0.0654  -0.0238
   52    15.5000   1.0822   0.0761   0.0706  -0.0244
   53    16.0000   1.0885   0.0814   0.0762  -0.0252
   54    16.5000   1.0929   0.0872   0.0821  -0.0264
   55    17.0000   1.0953   0.0934   0.0886  -0.0282
   56    17.2500   1.0956   0.0967   0.0921  -0.0295
   57    17.5000   1.0958   0.1001   0.0956  -0.0308
   58    17.7500   1.0950   0.1038   0.0994  -0.0325
   59    18.0000   1.0942   0.1075   0.1032  -0.0341
   60    18.5000   1.0904   0.1155   0.1114  -0.0383
   61    19.0000   1.0839   0.1244   0.1206  -0.0437
   62    19.5000   1.0749   0.1344   0.1309  -0.0503
   63    20.0000   1.0638   0.1457   0.1424  -0.0584
   64    20.5000   1.0562   0.1589   0.1424  -0.0584
   65    90.0000   0.0000   2.0000   0.1424  -0.0584
   66   100.0000   0.0000   0.0000   0.0000   0.0000
   67   110.0000   0.0000   0.0000   0.0000   0.0000
   68   120.0000   0.0000   0.0000   0.0000   0.0000
   69   130.0000   0.0000   0.0000   0.0000   0.0000
   70   140.0000   0.0000   0.0000   0.0000   0.0000
   71   150.0000   0.0000   0.0000   0.0000   0.0000
   72   160.0000   0.0000   0.0000   0.0000   0.0000
   73   170.0000   0.0000   0.0000   0.0000   0.0000
   74   180.0000   0.0000   0.0100   0.0050   0.0000

 *****************************************************
 *    +++ SOLUTION +++ SOLUTION +++ SOLUTION +++     *
 *****************************************************

 ++++++++++ NEW CASE +++++++++++
   Number   TSR      PITCH [deg]
        1   7.5851   3.0000

 Non-Dimensionalization :
  Length Scales    => Blade Radius  BRADIUS
  Velocity Scales  => Wind Speed    VWIND

  In other words ... BRADIUS = VWIND = 1.00

 Modifying Blade Twist from INPUT :
  Adding  4.816deg to get Tip Pitch Angle of  3.deg

  Number    r/R     Twist[deg]
 ------------------------------
        1   0.2500  24.8560
        2   0.2750  21.9732
        3   0.3000  19.1080
        4   0.3250  16.9803
        5   0.3500  15.2840
        6   0.3750  13.6465
        7   0.4000  12.2696
        8   0.4250  11.1749
        9   0.4500  10.0891
       10   0.4750   9.2610
       11   0.5000   8.5110
       12   0.5250   7.8890
       13   0.5500   7.3390
       14   0.5750   6.8225
       15   0.6000   6.4401
       16   0.6250   6.0578
       17   0.6500   5.7490
       18   0.6750   5.4813
       19   0.7000   5.2349
       20   0.7250   5.0263
       21   0.7500   4.8177
       22   0.7750   4.6256
       23   0.8000   4.4350
       24   0.8250   4.2462
       25   0.8500   4.0638
       26   0.8750   3.8818
       27   0.9000   3.7048
       28   0.9250   3.5277
       29   0.9500   3.3470
       30   0.9750   3.1731
       31   1.0000   3.0000

 Note that Tip Pitch > 0 means ...
   i) Nose Down  or
  ii) Nose into the Wind

  ... this is different from Rotorcraft !

 +++++++++++++++++++++++++++++++++++++++++++++
 +    BLADE ELEMENT MOMENTUM THEORY (BEMT)   +
 +++++++++++++++++++++++++++++++++++++++++++++


 At j= 1 i.e. r=  0.25
 Windmill State          dCT/F =   2.83394946E-008
 Convergence was achieved in  89iterations.

 At j= 2 i.e. r=  0.275
 Windmill State          dCT/F =   0.411305414
 Convergence was achieved in  50iterations.

 At j= 3 i.e. r=  0.3
 Windmill State          dCT/F =   0.452037244
 Convergence was achieved in  53iterations.

 At j= 4 i.e. r=  0.325
 Windmill State          dCT/F =   0.473882914
 Convergence was achieved in  59iterations.

 At j= 5 i.e. r=  0.35
 Windmill State          dCT/F =   0.489708525
 Convergence was achieved in  60iterations.

 At j= 6 i.e. r=  0.375
 Windmill State          dCT/F =   0.519534458
 Convergence was achieved in  62iterations.

 At j= 7 i.e. r=  0.4
 Windmill State          dCT/F =   0.546609506
 Convergence was achieved in  64iterations.

 At j= 8 i.e. r=  0.425
 Windmill State          dCT/F =   0.566496584
 Convergence was achieved in  63iterations.

 At j= 9 i.e. r=  0.45
 Windmill State          dCT/F =   0.595545222
 Convergence was achieved in  66iterations.

 At j= 10 i.e. r=  0.475
 Windmill State          dCT/F =   0.614087961
 Convergence was achieved in  67iterations.

 At j= 11 i.e. r=  0.5
 Windmill State          dCT/F =   0.633036182
 Convergence was achieved in  69iterations.

 At j= 12 i.e. r=  0.525
 Windmill State          dCT/F =   0.64727029
 Convergence was achieved in  70iterations.

 At j= 13 i.e. r=  0.55
 Windmill State          dCT/F =   0.659875549
 Convergence was achieved in  72iterations.

 At j= 14 i.e. r=  0.575
 Windmill State          dCT/F =   0.673149096
 Convergence was achieved in  73iterations.

 At j= 15 i.e. r=  0.6
 Windmill State          dCT/F =   0.678373764
 Convergence was achieved in  72iterations.

 At j= 16 i.e. r=  0.625
 Windmill State          dCT/F =   0.685943302
 Convergence was achieved in  73iterations.

 At j= 17 i.e. r=  0.65
 Windmill State          dCT/F =   0.689466469
 Convergence was achieved in  74iterations.

 At j= 18 i.e. r=  0.675
 Windmill State          dCT/F =   0.691387145
 Convergence was achieved in  74iterations.

 At j= 19 i.e. r=  0.7
 Windmill State          dCT/F =   0.693312085
 Convergence was achieved in  74iterations.

 At j= 20 i.e. r=  0.725
 Windmill State          dCT/F =   0.69375301
 Convergence was achieved in  75iterations.

 At j= 21 i.e. r=  0.75
 Windmill State          dCT/F =   0.696239966
 Convergence was achieved in  75iterations.

 At j= 22 i.e. r=  0.775
 Windmill State          dCT/F =   0.699453717
 Convergence was achieved in  75iterations.

 At j= 23 i.e. r=  0.8
 Windmill State          dCT/F =   0.705170843
 Convergence was achieved in  75iterations.

 At j= 24 i.e. r=  0.825
 Windmill State          dCT/F =   0.713945674
 Convergence was achieved in  75iterations.

 At j= 25 i.e. r=  0.85
 Windmill State          dCT/F =   0.72618679
 Convergence was achieved in  76iterations.

 At j= 26 i.e. r=  0.875
 Windmill State          dCT/F =   0.743809798
 Convergence was achieved in  74iterations.

 At j= 27 i.e. r=  0.9
 Windmill State          dCT/F =   0.76849988
 Convergence was achieved in  74iterations.

 At j= 28 i.e. r=  0.925
 Windmill State          dCT/F =   0.804370913
 Convergence was achieved in  72iterations.

 At j= 29 i.e. r=  0.95
 Windmill State          dCT/F =   0.858306249
 Convergence was achieved in  69iterations.

 At j= 30 i.e. r=  0.975
 Windmill State          dCT/F =   0.9406245
 Convergence was achieved in  53iterations.

 At j= 31 i.e. r=  1.
 Windmill State          dCT/F =   7.00074775E-008
 Convergence was achieved in  89iterations.

 BLADE ELEMENT MOMENTUM THEORY (BEMT)

 ++++++++++ NEW CASE +++++++++++
   Number   TSR      PITCH [deg]
        2   5.4179   3.0000

 Non-Dimensionalization :
  Length Scales    => Blade Radius  BRADIUS
  Velocity Scales  => Wind Speed    VWIND

  In other words ... BRADIUS = VWIND = 1.00

 Modifying Blade Twist from INPUT :
  Adding  4.816deg to get Tip Pitch Angle of  3.deg

  Number    r/R     Twist[deg]
 ------------------------------
        1   0.2500  24.8560
        2   0.2750  21.9732
        3   0.3000  19.1080
        4   0.3250  16.9803
        5   0.3500  15.2840
        6   0.3750  13.6465
        7   0.4000  12.2696
        8   0.4250  11.1749
        9   0.4500  10.0891
       10   0.4750   9.2610
       11   0.5000   8.5110
       12   0.5250   7.8890
       13   0.5500   7.3390
       14   0.5750   6.8225
       15   0.6000   6.4401
       16   0.6250   6.0578
       17   0.6500   5.7490
       18   0.6750   5.4813
       19   0.7000   5.2349
       20   0.7250   5.0263
       21   0.7500   4.8177
       22   0.7750   4.6256
       23   0.8000   4.4350
       24   0.8250   4.2462
       25   0.8500   4.0638
       26   0.8750   3.8818
       27   0.9000   3.7048
       28   0.9250   3.5277
       29   0.9500   3.3470
       30   0.9750   3.1731
       31   1.0000   3.0000

 Note that Tip Pitch > 0 means ...
   i) Nose Down  or
  ii) Nose into the Wind

  ... this is different from Rotorcraft !

 +++++++++++++++++++++++++++++++++++++++++++++
 +    BLADE ELEMENT MOMENTUM THEORY (BEMT)   +
 +++++++++++++++++++++++++++++++++++++++++++++


 At j= 1 i.e. r=  0.25
 Windmill State          dCT/F =   3.81504886E-008
 Convergence was achieved in  89iterations.

 At j= 2 i.e. r=  0.275
 Windmill State          dCT/F =   0.700264299
 Convergence was achieved in  49iterations.

 At j= 3 i.e. r=  0.3
 Windmill State          dCT/F =   0.673273819
 Convergence was achieved in  71iterations.

 At j= 4 i.e. r=  0.325
 Windmill State          dCT/F =   0.652613603
 Convergence was achieved in  74iterations.

 At j= 5 i.e. r=  0.35
 Windmill State          dCT/F =   0.631620913
 Convergence was achieved in  81iterations.

 At j= 6 i.e. r=  0.375
 Windmill State          dCT/F =   0.622008444
 Convergence was achieved in  85iterations.

 At j= 7 i.e. r=  0.4
 Windmill State          dCT/F =   0.615702694
 Convergence was achieved in  93iterations.

 At j= 8 i.e. r=  0.425
 Windmill State          dCT/F =   0.61187335
 Convergence was achieved in  95iterations.

 At j= 9 i.e. r=  0.45
 Windmill State          dCT/F =   0.615010197
 Convergence was achieved in  97iterations.

 At j= 10 i.e. r=  0.475
 Windmill State          dCT/F =   0.618802881
 Convergence was achieved in  98iterations.

 At j= 11 i.e. r=  0.5
 Windmill State          dCT/F =   0.625204321
 Convergence was achieved in  100iterations.

 At j= 12 i.e. r=  0.525
 Windmill State          dCT/F =   0.63219012
 Convergence was achieved in  101iterations.

 At j= 13 i.e. r=  0.55
 Windmill State          dCT/F =   0.639397418
 Convergence was achieved in  96iterations.

 At j= 14 i.e. r=  0.575
 Windmill State          dCT/F =   0.646221613
 Convergence was achieved in  96iterations.

 At j= 15 i.e. r=  0.6
 Windmill State          dCT/F =   0.650486112
 Convergence was achieved in  95iterations.

 At j= 16 i.e. r=  0.625
 Windmill State          dCT/F =   0.656202385
 Convergence was achieved in  96iterations.

 At j= 17 i.e. r=  0.65
 Windmill State          dCT/F =   0.660813958
 Convergence was achieved in  96iterations.

 At j= 18 i.e. r=  0.675
 Windmill State          dCT/F =   0.665331492
 Convergence was achieved in  96iterations.

 At j= 19 i.e. r=  0.7
 Windmill State          dCT/F =   0.667436215
 Convergence was achieved in  87iterations.

 At j= 20 i.e. r=  0.725
 Windmill State          dCT/F =   0.667897978
 Convergence was achieved in  85iterations.

 At j= 21 i.e. r=  0.75
 Windmill State          dCT/F =   0.670320576
 Convergence was achieved in  85iterations.

 At j= 22 i.e. r=  0.775
 Windmill State          dCT/F =   0.674314187
 Convergence was achieved in  84iterations.

 At j= 23 i.e. r=  0.8
 Windmill State          dCT/F =   0.680781704
 Convergence was achieved in  84iterations.

 At j= 24 i.e. r=  0.825
 Windmill State          dCT/F =   0.690515904
 Convergence was achieved in  84iterations.

 At j= 25 i.e. r=  0.85
 Windmill State          dCT/F =   0.703967131
 Convergence was achieved in  82iterations.

 At j= 26 i.e. r=  0.875
 Windmill State          dCT/F =   0.723034056
 Convergence was achieved in  81iterations.

 At j= 27 i.e. r=  0.9
 Windmill State          dCT/F =   0.749900292
 Convergence was achieved in  79iterations.

 At j= 28 i.e. r=  0.925
 Windmill State          dCT/F =   0.789109344
 Convergence was achieved in  78iterations.

 At j= 29 i.e. r=  0.95
 Windmill State          dCT/F =   0.848135908
 Convergence was achieved in  76iterations.

 At j= 30 i.e. r=  0.975
 Windmill State          dCT/F =   0.939458022
 Convergence was achieved in  63iterations.

 At j= 31 i.e. r=  1.
 Windmill State          dCT/F =   6.05353398E-008
 Convergence was achieved in  89iterations.

 BLADE ELEMENT MOMENTUM THEORY (BEMT)

 ++++++++++ NEW CASE +++++++++++
   Number   TSR      PITCH [deg]
        3   4.2139   3.0000

 Non-Dimensionalization :
  Length Scales    => Blade Radius  BRADIUS
  Velocity Scales  => Wind Speed    VWIND

  In other words ... BRADIUS = VWIND = 1.00

 Modifying Blade Twist from INPUT :
  Adding  4.816deg to get Tip Pitch Angle of  3.deg

  Number    r/R     Twist[deg]
 ------------------------------
        1   0.2500  24.8560
        2   0.2750  21.9732
        3   0.3000  19.1080
        4   0.3250  16.9803
        5   0.3500  15.2840
        6   0.3750  13.6465
        7   0.4000  12.2696
        8   0.4250  11.1749
        9   0.4500  10.0891
       10   0.4750   9.2610
       11   0.5000   8.5110
       12   0.5250   7.8890
       13   0.5500   7.3390
       14   0.5750   6.8225
       15   0.6000   6.4401
       16   0.6250   6.0578
       17   0.6500   5.7490
       18   0.6750   5.4813
       19   0.7000   5.2349
       20   0.7250   5.0263
       21   0.7500   4.8177
       22   0.7750   4.6256
       23   0.8000   4.4350
       24   0.8250   4.2462
       25   0.8500   4.0638
       26   0.8750   3.8818
       27   0.9000   3.7048
       28   0.9250   3.5277
       29   0.9500   3.3470
       30   0.9750   3.1731
       31   1.0000   3.0000

 Note that Tip Pitch > 0 means ...
   i) Nose Down  or
  ii) Nose into the Wind

  ... this is different from Rotorcraft !

 +++++++++++++++++++++++++++++++++++++++++++++
 +    BLADE ELEMENT MOMENTUM THEORY (BEMT)   +
 +++++++++++++++++++++++++++++++++++++++++++++


 At j= 1 i.e. r=  0.25
 Windmill State          dCT/F =   3.12887404E-008
 Convergence was achieved in  89iterations.

 At j= 2 i.e. r=  0.275
 Windmill State          dCT/F =   0.791600574
 Convergence was achieved in  83iterations.

 At j= 3 i.e. r=  0.3
 Windmill State          dCT/F =   0.650042356
 Convergence was achieved in  93iterations.

 At j= 4 i.e. r=  0.325
 Windmill State          dCT/F =   0.570765392
 Convergence was achieved in  89iterations.

 At j= 5 i.e. r=  0.35
 Windmill State          dCT/F =   0.525220707
 Convergence was achieved in  88iterations.

 At j= 6 i.e. r=  0.375
 Windmill State          dCT/F =   0.497451161
 Convergence was achieved in  89iterations.

 At j= 7 i.e. r=  0.4
 Windmill State          dCT/F =   0.47938543
 Convergence was achieved in  90iterations.

 At j= 8 i.e. r=  0.425
 Windmill State          dCT/F =   0.467526845
 Convergence was achieved in  89iterations.

 At j= 9 i.e. r=  0.45
 Windmill State          dCT/F =   0.461654289
 Convergence was achieved in  89iterations.

 At j= 10 i.e. r=  0.475
 Windmill State          dCT/F =   0.458605623
 Convergence was achieved in  89iterations.

 At j= 11 i.e. r=  0.5
 Windmill State          dCT/F =   0.458565391
 Convergence was achieved in  89iterations.

 At j= 12 i.e. r=  0.525
 Windmill State          dCT/F =   0.460229006
 Convergence was achieved in  89iterations.

 At j= 13 i.e. r=  0.55
 Windmill State          dCT/F =   0.463619323
 Convergence was achieved in  89iterations.

 At j= 14 i.e. r=  0.575
 Windmill State          dCT/F =   0.468592828
 Convergence was achieved in  90iterations.

 At j= 15 i.e. r=  0.6
 Windmill State          dCT/F =   0.473676045
 Convergence was achieved in  90iterations.

 At j= 16 i.e. r=  0.625
 Windmill State          dCT/F =   0.480611812
 Convergence was achieved in  92iterations.

 At j= 17 i.e. r=  0.65
 Windmill State          dCT/F =   0.48897256
 Convergence was achieved in  95iterations.

 At j= 18 i.e. r=  0.675
 Windmill State          dCT/F =   0.499682649
 Convergence was achieved in  96iterations.

 At j= 19 i.e. r=  0.7
 Windmill State          dCT/F =   0.508134201
 Convergence was achieved in  93iterations.

 At j= 20 i.e. r=  0.725
 Windmill State          dCT/F =   0.518600268
 Convergence was achieved in  95iterations.

 At j= 21 i.e. r=  0.75
 Windmill State          dCT/F =   0.531700245
 Convergence was achieved in  98iterations.

 At j= 22 i.e. r=  0.775
 Windmill State          dCT/F =   0.547914028
 Convergence was achieved in  100iterations.

 At j= 23 i.e. r=  0.8
 Windmill State          dCT/F =   0.567085218
 Convergence was achieved in  102iterations.

 At j= 24 i.e. r=  0.825
 Windmill State          dCT/F =   0.589146304
 Convergence was achieved in  100iterations.

 At j= 25 i.e. r=  0.85
 Windmill State          dCT/F =   0.614263922
 Convergence was achieved in  101iterations.

 At j= 26 i.e. r=  0.875
 Windmill State          dCT/F =   0.646491393
 Convergence was achieved in  103iterations.

 At j= 27 i.e. r=  0.9
 Windmill State          dCT/F =   0.688164993
 Convergence was achieved in  103iterations.

 At j= 28 i.e. r=  0.925
 Windmill State          dCT/F =   0.742650819
 Convergence was achieved in  99iterations.

 At j= 29 i.e. r=  0.95
 Windmill State          dCT/F =   0.820305048
 Convergence was achieved in  97iterations.

 At j= 30 i.e. r=  0.975
 Windmill State          dCT/F =   0.925601754
 Convergence was achieved in  71iterations.

 At j= 31 i.e. r=  1.
 Windmill State          dCT/F =   4.41107527E-008
 Convergence was achieved in  89iterations.

 BLADE ELEMENT MOMENTUM THEORY (BEMT)

 ++++++++++ NEW CASE +++++++++++
   Number   TSR      PITCH [deg]
        4   3.7925   3.0000

 Non-Dimensionalization :
  Length Scales    => Blade Radius  BRADIUS
  Velocity Scales  => Wind Speed    VWIND

  In other words ... BRADIUS = VWIND = 1.00

 Modifying Blade Twist from INPUT :
  Adding  4.816deg to get Tip Pitch Angle of  3.deg

  Number    r/R     Twist[deg]
 ------------------------------
        1   0.2500  24.8560
        2   0.2750  21.9732
        3   0.3000  19.1080
        4   0.3250  16.9803
        5   0.3500  15.2840
        6   0.3750  13.6465
        7   0.4000  12.2696
        8   0.4250  11.1749
        9   0.4500  10.0891
       10   0.4750   9.2610
       11   0.5000   8.5110
       12   0.5250   7.8890
       13   0.5500   7.3390
       14   0.5750   6.8225
       15   0.6000   6.4401
       16   0.6250   6.0578
       17   0.6500   5.7490
       18   0.6750   5.4813
       19   0.7000   5.2349
       20   0.7250   5.0263
       21   0.7500   4.8177
       22   0.7750   4.6256
       23   0.8000   4.4350
       24   0.8250   4.2462
       25   0.8500   4.0638
       26   0.8750   3.8818
       27   0.9000   3.7048
       28   0.9250   3.5277
       29   0.9500   3.3470
       30   0.9750   3.1731
       31   1.0000   3.0000

 Note that Tip Pitch > 0 means ...
   i) Nose Down  or
  ii) Nose into the Wind

  ... this is different from Rotorcraft !

 +++++++++++++++++++++++++++++++++++++++++++++
 +    BLADE ELEMENT MOMENTUM THEORY (BEMT)   +
 +++++++++++++++++++++++++++++++++++++++++++++


 At j= 1 i.e. r=  0.25
 Windmill State          dCT/F =   2.83569214E-008
 Convergence was achieved in  89iterations.

 At j= 2 i.e. r=  0.275
 Windmill State          dCT/F =   0.762335549
 Convergence was achieved in  100iterations.

 At j= 3 i.e. r=  0.3
 Windmill State          dCT/F =   0.609337955
 Convergence was achieved in  99iterations.

 At j= 4 i.e. r=  0.325
 Windmill State          dCT/F =   0.527391417
 Convergence was achieved in  88iterations.

 At j= 5 i.e. r=  0.35
 Windmill State          dCT/F =   0.48022683
 Convergence was achieved in  87iterations.

 At j= 6 i.e. r=  0.375
 Windmill State          dCT/F =   0.450345151
 Convergence was achieved in  87iterations.

 At j= 7 i.e. r=  0.4
 Windmill State          dCT/F =   0.430616872
 Convergence was achieved in  87iterations.

 At j= 8 i.e. r=  0.425
 Windmill State          dCT/F =   0.417592928
 Convergence was achieved in  86iterations.

 At j= 9 i.e. r=  0.45
 Windmill State          dCT/F =   0.410104263
 Convergence was achieved in  86iterations.

 At j= 10 i.e. r=  0.475
 Windmill State          dCT/F =   0.405804594
 Convergence was achieved in  86iterations.

 At j= 11 i.e. r=  0.5
 Windmill State          dCT/F =   0.404310911
 Convergence was achieved in  86iterations.

 At j= 12 i.e. r=  0.525
 Windmill State          dCT/F =   0.404535768
 Convergence was achieved in  85iterations.

 At j= 13 i.e. r=  0.55
 Windmill State          dCT/F =   0.406166092
 Convergence was achieved in  85iterations.

 At j= 14 i.e. r=  0.575
 Windmill State          dCT/F =   0.409567901
 Convergence was achieved in  87iterations.

 At j= 15 i.e. r=  0.6
 Windmill State          dCT/F =   0.415439576
 Convergence was achieved in  89iterations.

 At j= 16 i.e. r=  0.625
 Windmill State          dCT/F =   0.423884932
 Convergence was achieved in  91iterations.

 At j= 17 i.e. r=  0.65
 Windmill State          dCT/F =   0.430344844
 Convergence was achieved in  88iterations.

 At j= 18 i.e. r=  0.675
 Windmill State          dCT/F =   0.437322972
 Convergence was achieved in  88iterations.

 At j= 19 i.e. r=  0.7
 Windmill State          dCT/F =   0.445342757
 Convergence was achieved in  88iterations.

 At j= 20 i.e. r=  0.725
 Windmill State          dCT/F =   0.454318041
 Convergence was achieved in  88iterations.

 At j= 21 i.e. r=  0.75
 Windmill State          dCT/F =   0.464933057
 Convergence was achieved in  90iterations.

 At j= 22 i.e. r=  0.775
 Windmill State          dCT/F =   0.478227889
 Convergence was achieved in  91iterations.

 At j= 23 i.e. r=  0.8
 Windmill State          dCT/F =   0.495913567
 Convergence was achieved in  94iterations.

 At j= 24 i.e. r=  0.825
 Windmill State          dCT/F =   0.514997489
 Convergence was achieved in  92iterations.

 At j= 25 i.e. r=  0.85
 Windmill State          dCT/F =   0.538291791
 Convergence was achieved in  95iterations.

 At j= 26 i.e. r=  0.875
 Windmill State          dCT/F =   0.57011559
 Convergence was achieved in  99iterations.

 At j= 27 i.e. r=  0.9
 Windmill State          dCT/F =   0.614855703
 Convergence was achieved in  104iterations.

 At j= 28 i.e. r=  0.925
 Windmill State          dCT/F =   0.678782213
 Convergence was achieved in  106iterations.

 At j= 29 i.e. r=  0.95
 Windmill State          dCT/F =   0.77236895
 Convergence was achieved in  114iterations.

 At j= 30 i.e. r=  0.975
 Windmill State          dCT/F =   0.914673229
 Convergence was achieved in  92iterations.

 At j= 31 i.e. r=  1.
 Windmill State          dCT/F =   3.85925664E-008
 Convergence was achieved in  89iterations.

 BLADE ELEMENT MOMENTUM THEORY (BEMT)

 ++++++++++ NEW CASE +++++++++++
   Number   TSR      PITCH [deg]
        5   3.4478   3.0000

 Non-Dimensionalization :
  Length Scales    => Blade Radius  BRADIUS
  Velocity Scales  => Wind Speed    VWIND

  In other words ... BRADIUS = VWIND = 1.00

 Modifying Blade Twist from INPUT :
  Adding  4.816deg to get Tip Pitch Angle of  3.deg

  Number    r/R     Twist[deg]
 ------------------------------
        1   0.2500  24.8560
        2   0.2750  21.9732
        3   0.3000  19.1080
        4   0.3250  16.9803
        5   0.3500  15.2840
        6   0.3750  13.6465
        7   0.4000  12.2696
        8   0.4250  11.1749
        9   0.4500  10.0891
       10   0.4750   9.2610
       11   0.5000   8.5110
       12   0.5250   7.8890
       13   0.5500   7.3390
       14   0.5750   6.8225
       15   0.6000   6.4401
       16   0.6250   6.0578
       17   0.6500   5.7490
       18   0.6750   5.4813
       19   0.7000   5.2349
       20   0.7250   5.0263
       21   0.7500   4.8177
       22   0.7750   4.6256
       23   0.8000   4.4350
       24   0.8250   4.2462
       25   0.8500   4.0638
       26   0.8750   3.8818
       27   0.9000   3.7048
       28   0.9250   3.5277
       29   0.9500   3.3470
       30   0.9750   3.1731
       31   1.0000   3.0000

 Note that Tip Pitch > 0 means ...
   i) Nose Down  or
  ii) Nose into the Wind

  ... this is different from Rotorcraft !

 +++++++++++++++++++++++++++++++++++++++++++++
 +    BLADE ELEMENT MOMENTUM THEORY (BEMT)   +
 +++++++++++++++++++++++++++++++++++++++++++++


 At j= 1 i.e. r=  0.25
 Windmill State          dCT/F =   2.65515723E-008
 Convergence was achieved in  89iterations.

 At j= 2 i.e. r=  0.275
 Windmill State          dCT/F =   0.728997714
 Convergence was achieved in  91iterations.

 At j= 3 i.e. r=  0.3
 Windmill State          dCT/F =   0.570510083
 Convergence was achieved in  92iterations.

 At j= 4 i.e. r=  0.325
 Windmill State          dCT/F =   0.485747823
 Convergence was achieved in  94iterations.

 At j= 5 i.e. r=  0.35
 Windmill State          dCT/F =   0.434682923
 Convergence was achieved in  92iterations.

 At j= 6 i.e. r=  0.375
 Windmill State          dCT/F =   0.402418909
 Convergence was achieved in  90iterations.

 At j= 7 i.e. r=  0.4
 Windmill State          dCT/F =   0.382058924
 Convergence was achieved in  89iterations.

 At j= 8 i.e. r=  0.425
 Windmill State          dCT/F =   0.369810644
 Convergence was achieved in  88iterations.

 At j= 9 i.e. r=  0.45
 Windmill State          dCT/F =   0.362268282
 Convergence was achieved in  87iterations.

 At j= 10 i.e. r=  0.475
 Windmill State          dCT/F =   0.358983801
 Convergence was achieved in  86iterations.

 At j= 11 i.e. r=  0.5
 Windmill State          dCT/F =   0.358217243
 Convergence was achieved in  86iterations.

 At j= 12 i.e. r=  0.525
 Windmill State          dCT/F =   0.35935535
 Convergence was achieved in  85iterations.

 At j= 13 i.e. r=  0.55
 Windmill State          dCT/F =   0.361891412
 Convergence was achieved in  85iterations.

 At j= 14 i.e. r=  0.575
 Windmill State          dCT/F =   0.365560195
 Convergence was achieved in  85iterations.

 At j= 15 i.e. r=  0.6
 Windmill State          dCT/F =   0.369935861
 Convergence was achieved in  84iterations.

 At j= 16 i.e. r=  0.625
 Windmill State          dCT/F =   0.375085256
 Convergence was achieved in  84iterations.

 At j= 17 i.e. r=  0.65
 Windmill State          dCT/F =   0.380665306
 Convergence was achieved in  84iterations.

 At j= 18 i.e. r=  0.675
 Windmill State          dCT/F =   0.38660659
 Convergence was achieved in  84iterations.

 At j= 19 i.e. r=  0.7
 Windmill State          dCT/F =   0.394450524
 Convergence was achieved in  86iterations.

 At j= 20 i.e. r=  0.725
 Windmill State          dCT/F =   0.405271904
 Convergence was achieved in  89iterations.

 At j= 21 i.e. r=  0.75
 Windmill State          dCT/F =   0.417005428
 Convergence was achieved in  86iterations.

 At j= 22 i.e. r=  0.775
 Windmill State          dCT/F =   0.428813269
 Convergence was achieved in  87iterations.

 At j= 23 i.e. r=  0.8
 Windmill State          dCT/F =   0.442829201
 Convergence was achieved in  87iterations.

 At j= 24 i.e. r=  0.825
 Windmill State          dCT/F =   0.460104279
 Convergence was achieved in  88iterations.

 At j= 25 i.e. r=  0.85
 Windmill State          dCT/F =   0.481497441
 Convergence was achieved in  89iterations.

 At j= 26 i.e. r=  0.875
 Windmill State          dCT/F =   0.510232216
 Convergence was achieved in  92iterations.

 At j= 27 i.e. r=  0.9
 Windmill State          dCT/F =   0.551274968
 Convergence was achieved in  98iterations.

 At j= 28 i.e. r=  0.925
 Windmill State          dCT/F =   0.607714561
 Convergence was achieved in  97iterations.

 At j= 29 i.e. r=  0.95
 Windmill State          dCT/F =   0.701388623
 Convergence was achieved in  111iterations.

 At j= 30 i.e. r=  0.975
 Windmill State          dCT/F =   0.879238487
 Convergence was achieved in  114iterations.

 At j= 31 i.e. r=  1.
 Windmill State          dCT/F =   3.45091421E-008
 Convergence was achieved in  89iterations.

 BLADE ELEMENT MOMENTUM THEORY (BEMT)

 ++++++++++ NEW CASE +++++++++++
   Number   TSR      PITCH [deg]
        6   2.9173   3.0000

 Non-Dimensionalization :
  Length Scales    => Blade Radius  BRADIUS
  Velocity Scales  => Wind Speed    VWIND

  In other words ... BRADIUS = VWIND = 1.00

 Modifying Blade Twist from INPUT :
  Adding  4.816deg to get Tip Pitch Angle of  3.deg

  Number    r/R     Twist[deg]
 ------------------------------
        1   0.2500  24.8560
        2   0.2750  21.9732
        3   0.3000  19.1080
        4   0.3250  16.9803
        5   0.3500  15.2840
        6   0.3750  13.6465
        7   0.4000  12.2696
        8   0.4250  11.1749
        9   0.4500  10.0891
       10   0.4750   9.2610
       11   0.5000   8.5110
       12   0.5250   7.8890
       13   0.5500   7.3390
       14   0.5750   6.8225
       15   0.6000   6.4401
       16   0.6250   6.0578
       17   0.6500   5.7490
       18   0.6750   5.4813
       19   0.7000   5.2349
       20   0.7250   5.0263
       21   0.7500   4.8177
       22   0.7750   4.6256
       23   0.8000   4.4350
       24   0.8250   4.2462
       25   0.8500   4.0638
       26   0.8750   3.8818
       27   0.9000   3.7048
       28   0.9250   3.5277
       29   0.9500   3.3470
       30   0.9750   3.1731
       31   1.0000   3.0000

 Note that Tip Pitch > 0 means ...
   i) Nose Down  or
  ii) Nose into the Wind

  ... this is different from Rotorcraft !

 +++++++++++++++++++++++++++++++++++++++++++++
 +    BLADE ELEMENT MOMENTUM THEORY (BEMT)   +
 +++++++++++++++++++++++++++++++++++++++++++++


 At j= 1 i.e. r=  0.25
 Windmill State          dCT/F =   2.44053705E-008
 Convergence was achieved in  89iterations.

 At j= 2 i.e. r=  0.275
 Windmill State          dCT/F =   0.669256634
 Convergence was achieved in  101iterations.

 At j= 3 i.e. r=  0.3
 Windmill State          dCT/F =   0.488883525
 Convergence was achieved in  90iterations.

 At j= 4 i.e. r=  0.325
 Windmill State          dCT/F =   0.411330576
 Convergence was achieved in  85iterations.

 At j= 5 i.e. r=  0.35
 Windmill State          dCT/F =   0.365980945
 Convergence was achieved in  82iterations.

 At j= 6 i.e. r=  0.375
 Windmill State          dCT/F =   0.336650799
 Convergence was achieved in  81iterations.

 At j= 7 i.e. r=  0.4
 Windmill State          dCT/F =   0.31664851
 Convergence was achieved in  80iterations.

 At j= 8 i.e. r=  0.425
 Windmill State          dCT/F =   0.302824938
 Convergence was achieved in  79iterations.

 At j= 9 i.e. r=  0.45
 Windmill State          dCT/F =   0.293485982
 Convergence was achieved in  79iterations.

 At j= 10 i.e. r=  0.475
 Windmill State          dCT/F =   0.28749712
 Convergence was achieved in  79iterations.

 At j= 11 i.e. r=  0.5
 Windmill State          dCT/F =   0.284170805
 Convergence was achieved in  79iterations.

 At j= 12 i.e. r=  0.525
 Windmill State          dCT/F =   0.283031031
 Convergence was achieved in  79iterations.

 At j= 13 i.e. r=  0.55
 Windmill State          dCT/F =   0.283721564
 Convergence was achieved in  79iterations.

 At j= 14 i.e. r=  0.575
 Windmill State          dCT/F =   0.285967649
 Convergence was achieved in  80iterations.

 At j= 15 i.e. r=  0.6
 Windmill State          dCT/F =   0.289675394
 Convergence was achieved in  80iterations.

 At j= 16 i.e. r=  0.625
 Windmill State          dCT/F =   0.294626706
 Convergence was achieved in  81iterations.

 At j= 17 i.e. r=  0.65
 Windmill State          dCT/F =   0.301352805
 Convergence was achieved in  83iterations.

 At j= 18 i.e. r=  0.675
 Windmill State          dCT/F =   0.309897913
 Convergence was achieved in  83iterations.

 At j= 19 i.e. r=  0.7
 Windmill State          dCT/F =   0.318922062
 Convergence was achieved in  83iterations.

 At j= 20 i.e. r=  0.725
 Windmill State          dCT/F =   0.328407925
 Convergence was achieved in  83iterations.

 At j= 21 i.e. r=  0.75
 Windmill State          dCT/F =   0.338641563
 Convergence was achieved in  82iterations.

 At j= 22 i.e. r=  0.775
 Windmill State          dCT/F =   0.350048933
 Convergence was achieved in  83iterations.

 At j= 23 i.e. r=  0.8
 Windmill State          dCT/F =   0.363170474
 Convergence was achieved in  83iterations.

 At j= 24 i.e. r=  0.825
 Windmill State          dCT/F =   0.378690227
 Convergence was achieved in  83iterations.

 At j= 25 i.e. r=  0.85
 Windmill State          dCT/F =   0.397640168
 Convergence was achieved in  84iterations.

 At j= 26 i.e. r=  0.875
 Windmill State          dCT/F =   0.42208655
 Convergence was achieved in  86iterations.

 At j= 27 i.e. r=  0.9
 Windmill State          dCT/F =   0.458199151
 Convergence was achieved in  91iterations.

 At j= 28 i.e. r=  0.925
 Windmill State          dCT/F =   0.510692183
 Convergence was achieved in  91iterations.

 At j= 29 i.e. r=  0.95
 Windmill State          dCT/F =   0.59186086
 Convergence was achieved in  96iterations.

 At j= 30 i.e. r=  0.975
 Windmill State          dCT/F =   0.760120649
 Convergence was achieved in  117iterations.

 At j= 31 i.e. r=  1.
 Windmill State          dCT/F =   2.80659981E-008
 Convergence was achieved in  89iterations.

 BLADE ELEMENT MOMENTUM THEORY (BEMT)

 ++++++++++ NEW CASE +++++++++++
   Number   TSR      PITCH [deg]
        7   2.5284   3.0000

 Non-Dimensionalization :
  Length Scales    => Blade Radius  BRADIUS
  Velocity Scales  => Wind Speed    VWIND

  In other words ... BRADIUS = VWIND = 1.00

 Modifying Blade Twist from INPUT :
  Adding  4.816deg to get Tip Pitch Angle of  3.deg

  Number    r/R     Twist[deg]
 ------------------------------
        1   0.2500  24.8560
        2   0.2750  21.9732
        3   0.3000  19.1080
        4   0.3250  16.9803
        5   0.3500  15.2840
        6   0.3750  13.6465
        7   0.4000  12.2696
        8   0.4250  11.1749
        9   0.4500  10.0891
       10   0.4750   9.2610
       11   0.5000   8.5110
       12   0.5250   7.8890
       13   0.5500   7.3390
       14   0.5750   6.8225
       15   0.6000   6.4401
       16   0.6250   6.0578
       17   0.6500   5.7490
       18   0.6750   5.4813
       19   0.7000   5.2349
       20   0.7250   5.0263
       21   0.7500   4.8177
       22   0.7750   4.6256
       23   0.8000   4.4350
       24   0.8250   4.2462
       25   0.8500   4.0638
       26   0.8750   3.8818
       27   0.9000   3.7048
       28   0.9250   3.5277
       29   0.9500   3.3470
       30   0.9750   3.1731
       31   1.0000   3.0000

 Note that Tip Pitch > 0 means ...
   i) Nose Down  or
  ii) Nose into the Wind

  ... this is different from Rotorcraft !

 +++++++++++++++++++++++++++++++++++++++++++++
 +    BLADE ELEMENT MOMENTUM THEORY (BEMT)   +
 +++++++++++++++++++++++++++++++++++++++++++++


 At j= 1 i.e. r=  0.25
 Windmill State          dCT/F =   2.3345622E-008
 Convergence was achieved in  89iterations.

 At j= 2 i.e. r=  0.275
 Windmill State          dCT/F =   0.597642292
 Convergence was achieved in  96iterations.

 At j= 3 i.e. r=  0.3
 Windmill State          dCT/F =   0.443820208
 Convergence was achieved in  84iterations.

 At j= 4 i.e. r=  0.325
 Windmill State          dCT/F =   0.372240998
 Convergence was achieved in  80iterations.

 At j= 5 i.e. r=  0.35
 Windmill State          dCT/F =   0.328856168
 Convergence was achieved in  78iterations.

 At j= 6 i.e. r=  0.375
 Windmill State          dCT/F =   0.300099163
 Convergence was achieved in  77iterations.

 At j= 7 i.e. r=  0.4
 Windmill State          dCT/F =   0.279807744
 Convergence was achieved in  76iterations.

 At j= 8 i.e. r=  0.425
 Windmill State          dCT/F =   0.265122661
 Convergence was achieved in  75iterations.

 At j= 9 i.e. r=  0.45
 Windmill State          dCT/F =   0.254678055
 Convergence was achieved in  75iterations.

 At j= 10 i.e. r=  0.475
 Windmill State          dCT/F =   0.247240768
 Convergence was achieved in  75iterations.

 At j= 11 i.e. r=  0.5
 Windmill State          dCT/F =   0.242286285
 Convergence was achieved in  75iterations.

 At j= 12 i.e. r=  0.525
 Windmill State          dCT/F =   0.239332066
 Convergence was achieved in  75iterations.

 At j= 13 i.e. r=  0.55
 Windmill State          dCT/F =   0.238078117
 Convergence was achieved in  75iterations.

 At j= 14 i.e. r=  0.575
 Windmill State          dCT/F =   0.238290799
 Convergence was achieved in  75iterations.

 At j= 15 i.e. r=  0.6
 Windmill State          dCT/F =   0.239815658
 Convergence was achieved in  75iterations.

 At j= 16 i.e. r=  0.625
 Windmill State          dCT/F =   0.242533613
 Convergence was achieved in  76iterations.

 At j= 17 i.e. r=  0.65
 Windmill State          dCT/F =   0.246400477
 Convergence was achieved in  76iterations.

 At j= 18 i.e. r=  0.675
 Windmill State          dCT/F =   0.251396798
 Convergence was achieved in  77iterations.

 At j= 19 i.e. r=  0.7
 Windmill State          dCT/F =   0.257547627
 Convergence was achieved in  77iterations.

 At j= 20 i.e. r=  0.725
 Windmill State          dCT/F =   0.264959109
 Convergence was achieved in  78iterations.

 At j= 21 i.e. r=  0.75
 Windmill State          dCT/F =   0.273769482
 Convergence was achieved in  79iterations.

 At j= 22 i.e. r=  0.775
 Windmill State          dCT/F =   0.284263049
 Convergence was achieved in  80iterations.

 At j= 23 i.e. r=  0.8
 Windmill State          dCT/F =   0.297404724
 Convergence was achieved in  82iterations.

 At j= 24 i.e. r=  0.825
 Windmill State          dCT/F =   0.313788173
 Convergence was achieved in  83iterations.

 At j= 25 i.e. r=  0.85
 Windmill State          dCT/F =   0.333335779
 Convergence was achieved in  83iterations.

 At j= 26 i.e. r=  0.875
 Windmill State          dCT/F =   0.357584584
 Convergence was achieved in  84iterations.

 At j= 27 i.e. r=  0.9
 Windmill State          dCT/F =   0.38951875
 Convergence was achieved in  85iterations.

 At j= 28 i.e. r=  0.925
 Windmill State          dCT/F =   0.43527407
 Convergence was achieved in  87iterations.

 At j= 29 i.e. r=  0.95
 Windmill State          dCT/F =   0.509407602
 Convergence was achieved in  91iterations.

 At j= 30 i.e. r=  0.975
 Windmill State          dCT/F =   0.667151131
 Convergence was achieved in  109iterations.

 At j= 31 i.e. r=  1.
 Windmill State          dCT/F =   2.32612438E-008
 Convergence was achieved in  89iterations.

 BLADE ELEMENT MOMENTUM THEORY (BEMT)

 ++++++++++ NEW CASE +++++++++++
   Number   TSR      PITCH [deg]
        8   2.2309   3.0000

 Non-Dimensionalization :
  Length Scales    => Blade Radius  BRADIUS
  Velocity Scales  => Wind Speed    VWIND

  In other words ... BRADIUS = VWIND = 1.00

 Modifying Blade Twist from INPUT :
  Adding  4.816deg to get Tip Pitch Angle of  3.deg

  Number    r/R     Twist[deg]
 ------------------------------
        1   0.2500  24.8560
        2   0.2750  21.9732
        3   0.3000  19.1080
        4   0.3250  16.9803
        5   0.3500  15.2840
        6   0.3750  13.6465
        7   0.4000  12.2696
        8   0.4250  11.1749
        9   0.4500  10.0891
       10   0.4750   9.2610
       11   0.5000   8.5110
       12   0.5250   7.8890
       13   0.5500   7.3390
       14   0.5750   6.8225
       15   0.6000   6.4401
       16   0.6250   6.0578
       17   0.6500   5.7490
       18   0.6750   5.4813
       19   0.7000   5.2349
       20   0.7250   5.0263
       21   0.7500   4.8177
       22   0.7750   4.6256
       23   0.8000   4.4350
       24   0.8250   4.2462
       25   0.8500   4.0638
       26   0.8750   3.8818
       27   0.9000   3.7048
       28   0.9250   3.5277
       29   0.9500   3.3470
       30   0.9750   3.1731
       31   1.0000   3.0000

 Note that Tip Pitch > 0 means ...
   i) Nose Down  or
  ii) Nose into the Wind

  ... this is different from Rotorcraft !

 +++++++++++++++++++++++++++++++++++++++++++++
 +    BLADE ELEMENT MOMENTUM THEORY (BEMT)   +
 +++++++++++++++++++++++++++++++++++++++++++++


 At j= 1 i.e. r=  0.25
 Windmill State          dCT/F =   2.28437899E-008
 Convergence was achieved in  89iterations.

 At j= 2 i.e. r=  0.275
 Windmill State          dCT/F =   0.559211803
 Convergence was achieved in  88iterations.

 At j= 3 i.e. r=  0.3
 Windmill State          dCT/F =   0.418390495
 Convergence was achieved in  80iterations.

 At j= 4 i.e. r=  0.325
 Windmill State          dCT/F =   0.349868192
 Convergence was achieved in  77iterations.

 At j= 5 i.e. r=  0.35
 Windmill State          dCT/F =   0.30727929
 Convergence was achieved in  75iterations.

 At j= 6 i.e. r=  0.375
 Windmill State          dCT/F =   0.278557971
 Convergence was achieved in  74iterations.

 At j= 7 i.e. r=  0.4
 Windmill State          dCT/F =   0.257820384
 Convergence was achieved in  73iterations.

 At j= 8 i.e. r=  0.425
 Windmill State          dCT/F =   0.242366448
 Convergence was achieved in  73iterations.

 At j= 9 i.e. r=  0.45
 Windmill State          dCT/F =   0.231031437
 Convergence was achieved in  72iterations.

 At j= 10 i.e. r=  0.475
 Windmill State          dCT/F =   0.222503799
 Convergence was achieved in  72iterations.

 At j= 11 i.e. r=  0.5
 Windmill State          dCT/F =   0.216358416
 Convergence was achieved in  72iterations.

 At j= 12 i.e. r=  0.525
 Windmill State          dCT/F =   0.212100577
 Convergence was achieved in  72iterations.

 At j= 13 i.e. r=  0.55
 Windmill State          dCT/F =   0.209460305
 Convergence was achieved in  72iterations.

 At j= 14 i.e. r=  0.575
 Windmill State          dCT/F =   0.208224365
 Convergence was achieved in  72iterations.

 At j= 15 i.e. r=  0.6
 Windmill State          dCT/F =   0.208193128
 Convergence was achieved in  72iterations.

 At j= 16 i.e. r=  0.625
 Windmill State          dCT/F =   0.209307221
 Convergence was achieved in  73iterations.

 At j= 17 i.e. r=  0.65
 Windmill State          dCT/F =   0.211483029
 Convergence was achieved in  73iterations.

 At j= 18 i.e. r=  0.675
 Windmill State          dCT/F =   0.214706819
 Convergence was achieved in  73iterations.

 At j= 19 i.e. r=  0.7
 Windmill State          dCT/F =   0.218997975
 Convergence was achieved in  74iterations.

 At j= 20 i.e. r=  0.725
 Windmill State          dCT/F =   0.224430548
 Convergence was achieved in  74iterations.

 At j= 21 i.e. r=  0.75
 Windmill State          dCT/F =   0.23112812
 Convergence was achieved in  75iterations.

 At j= 22 i.e. r=  0.775
 Windmill State          dCT/F =   0.239314889
 Convergence was achieved in  76iterations.

 At j= 23 i.e. r=  0.8
 Windmill State          dCT/F =   0.249330652
 Convergence was achieved in  77iterations.

 At j= 24 i.e. r=  0.825
 Windmill State          dCT/F =   0.261721637
 Convergence was achieved in  78iterations.

 At j= 25 i.e. r=  0.85
 Windmill State          dCT/F =   0.277378339
 Convergence was achieved in  79iterations.

 At j= 26 i.e. r=  0.875
 Windmill State          dCT/F =   0.297805832
 Convergence was achieved in  80iterations.

 At j= 27 i.e. r=  0.9
 Windmill State          dCT/F =   0.325796025
 Convergence was achieved in  82iterations.

 At j= 28 i.e. r=  0.925
 Windmill State          dCT/F =   0.367992418
 Convergence was achieved in  87iterations.

 At j= 29 i.e. r=  0.95
 Windmill State          dCT/F =   0.439267602
 Convergence was achieved in  91iterations.

 At j= 30 i.e. r=  0.975
 Windmill State          dCT/F =   0.588797612
 Convergence was achieved in  99iterations.

 At j= 31 i.e. r=  1.
 Windmill State          dCT/F =   1.92902618E-008
 Convergence was achieved in  89iterations.

 BLADE ELEMENT MOMENTUM THEORY (BEMT)

 ++++++++++ NEW CASE +++++++++++
   Number   TSR      PITCH [deg]
        9   1.9961   3.0000

 Non-Dimensionalization :
  Length Scales    => Blade Radius  BRADIUS
  Velocity Scales  => Wind Speed    VWIND

  In other words ... BRADIUS = VWIND = 1.00

 Modifying Blade Twist from INPUT :
  Adding  4.816deg to get Tip Pitch Angle of  3.deg

  Number    r/R     Twist[deg]
 ------------------------------
        1   0.2500  24.8560
        2   0.2750  21.9732
        3   0.3000  19.1080
        4   0.3250  16.9803
        5   0.3500  15.2840
        6   0.3750  13.6465
        7   0.4000  12.2696
        8   0.4250  11.1749
        9   0.4500  10.0891
       10   0.4750   9.2610
       11   0.5000   8.5110
       12   0.5250   7.8890
       13   0.5500   7.3390
       14   0.5750   6.8225
       15   0.6000   6.4401
       16   0.6250   6.0578
       17   0.6500   5.7490
       18   0.6750   5.4813
       19   0.7000   5.2349
       20   0.7250   5.0263
       21   0.7500   4.8177
       22   0.7750   4.6256
       23   0.8000   4.4350
       24   0.8250   4.2462
       25   0.8500   4.0638
       26   0.8750   3.8818
       27   0.9000   3.7048
       28   0.9250   3.5277
       29   0.9500   3.3470
       30   0.9750   3.1731
       31   1.0000   3.0000

 Note that Tip Pitch > 0 means ...
   i) Nose Down  or
  ii) Nose into the Wind

  ... this is different from Rotorcraft !

 +++++++++++++++++++++++++++++++++++++++++++++
 +    BLADE ELEMENT MOMENTUM THEORY (BEMT)   +
 +++++++++++++++++++++++++++++++++++++++++++++


 At j= 1 i.e. r=  0.25
 Windmill State          dCT/F =   2.2642969E-008
 Convergence was achieved in  89iterations.

 At j= 2 i.e. r=  0.275
 Windmill State          dCT/F =   0.537106242
 Convergence was achieved in  83iterations.

 At j= 3 i.e. r=  0.3
 Windmill State          dCT/F =   0.403782175
 Convergence was achieved in  77iterations.

 At j= 4 i.e. r=  0.325
 Windmill State          dCT/F =   0.3368488
 Convergence was achieved in  75iterations.

 At j= 5 i.e. r=  0.35
 Windmill State          dCT/F =   0.294495655
 Convergence was achieved in  73iterations.

 At j= 6 i.e. r=  0.375
 Windmill State          dCT/F =   0.265575021
 Convergence was achieved in  72iterations.

 At j= 7 i.e. r=  0.4
 Windmill State          dCT/F =   0.244353851
 Convergence was achieved in  72iterations.

 At j= 8 i.e. r=  0.425
 Windmill State          dCT/F =   0.228225032
 Convergence was achieved in  71iterations.

 At j= 9 i.e. r=  0.45
 Windmill State          dCT/F =   0.216153491
 Convergence was achieved in  71iterations.

 At j= 10 i.e. r=  0.475
 Windmill State          dCT/F =   0.206767028
 Convergence was achieved in  70iterations.

 At j= 11 i.e. r=  0.5
 Windmill State          dCT/F =   0.199704992
 Convergence was achieved in  70iterations.

 At j= 12 i.e. r=  0.525
 Windmill State          dCT/F =   0.194460395
 Convergence was achieved in  70iterations.

 At j= 13 i.e. r=  0.55
 Windmill State          dCT/F =   0.190780924
 Convergence was achieved in  70iterations.

 At j= 14 i.e. r=  0.575
 Windmill State          dCT/F =   0.188464381
 Convergence was achieved in  70iterations.

 At j= 15 i.e. r=  0.6
 Windmill State          dCT/F =   0.187276528
 Convergence was achieved in  70iterations.

 At j= 16 i.e. r=  0.625
 Windmill State          dCT/F =   0.187197186
 Convergence was achieved in  70iterations.

 At j= 17 i.e. r=  0.65
 Windmill State          dCT/F =   0.188112288
 Convergence was achieved in  71iterations.

 At j= 18 i.e. r=  0.675
 Windmill State          dCT/F =   0.190010407
 Convergence was achieved in  71iterations.

 At j= 19 i.e. r=  0.7
 Windmill State          dCT/F =   0.192905364
 Convergence was achieved in  71iterations.

 At j= 20 i.e. r=  0.725
 Windmill State          dCT/F =   0.196846553
 Convergence was achieved in  72iterations.

 At j= 21 i.e. r=  0.75
 Windmill State          dCT/F =   0.201946594
 Convergence was achieved in  72iterations.

 At j= 22 i.e. r=  0.775
 Windmill State          dCT/F =   0.208385551
 Convergence was achieved in  73iterations.

 At j= 23 i.e. r=  0.8
 Windmill State          dCT/F =   0.216454678
 Convergence was achieved in  74iterations.

 At j= 24 i.e. r=  0.825
 Windmill State          dCT/F =   0.226617372
 Convergence was achieved in  74iterations.

 At j= 25 i.e. r=  0.85
 Windmill State          dCT/F =   0.23963071
 Convergence was achieved in  75iterations.

 At j= 26 i.e. r=  0.875
 Windmill State          dCT/F =   0.256783776
 Convergence was achieved in  77iterations.

 At j= 27 i.e. r=  0.9
 Windmill State          dCT/F =   0.280467599
 Convergence was achieved in  79iterations.

 At j= 28 i.e. r=  0.925
 Windmill State          dCT/F =   0.315676302
 Convergence was achieved in  81iterations.

 At j= 29 i.e. r=  0.95
 Windmill State          dCT/F =   0.375244735
 Convergence was achieved in  86iterations.

 At j= 30 i.e. r=  0.975
 Windmill State          dCT/F =   0.508910858
 Convergence was achieved in  98iterations.

 At j= 31 i.e. r=  1.
 Windmill State          dCT/F =   1.65661353E-008
 Convergence was achieved in  89iterations.

 BLADE ELEMENT MOMENTUM THEORY (BEMT)

 ++++++++++ NEW CASE +++++++++++
   Number   TSR      PITCH [deg]
       10   1.8060   3.0000

 Non-Dimensionalization :
  Length Scales    => Blade Radius  BRADIUS
  Velocity Scales  => Wind Speed    VWIND

  In other words ... BRADIUS = VWIND = 1.00

 Modifying Blade Twist from INPUT :
  Adding  4.816deg to get Tip Pitch Angle of  3.deg

  Number    r/R     Twist[deg]
 ------------------------------
        1   0.2500  24.8560
        2   0.2750  21.9732
        3   0.3000  19.1080
        4   0.3250  16.9803
        5   0.3500  15.2840
        6   0.3750  13.6465
        7   0.4000  12.2696
        8   0.4250  11.1749
        9   0.4500  10.0891
       10   0.4750   9.2610
       11   0.5000   8.5110
       12   0.5250   7.8890
       13   0.5500   7.3390
       14   0.5750   6.8225
       15   0.6000   6.4401
       16   0.6250   6.0578
       17   0.6500   5.7490
       18   0.6750   5.4813
       19   0.7000   5.2349
       20   0.7250   5.0263
       21   0.7500   4.8177
       22   0.7750   4.6256
       23   0.8000   4.4350
       24   0.8250   4.2462
       25   0.8500   4.0638
       26   0.8750   3.8818
       27   0.9000   3.7048
       28   0.9250   3.5277
       29   0.9500   3.3470
       30   0.9750   3.1731
       31   1.0000   3.0000

 Note that Tip Pitch > 0 means ...
   i) Nose Down  or
  ii) Nose into the Wind

  ... this is different from Rotorcraft !

 +++++++++++++++++++++++++++++++++++++++++++++
 +    BLADE ELEMENT MOMENTUM THEORY (BEMT)   +
 +++++++++++++++++++++++++++++++++++++++++++++


 At j= 1 i.e. r=  0.25
 Windmill State          dCT/F =   2.26095505E-008
 Convergence was achieved in  89iterations.

 At j= 2 i.e. r=  0.275
 Windmill State          dCT/F =   0.524238136
 Convergence was achieved in  80iterations.

 At j= 3 i.e. r=  0.3
 Windmill State          dCT/F =   0.39544189
 Convergence was achieved in  75iterations.

 At j= 4 i.e. r=  0.325
 Windmill State          dCT/F =   0.329320833
 Convergence was achieved in  73iterations.

 At j= 5 i.e. r=  0.35
 Windmill State          dCT/F =   0.286932072
 Convergence was achieved in  72iterations.

 At j= 6 i.e. r=  0.375
 Windmill State          dCT/F =   0.257719769
 Convergence was achieved in  71iterations.

 At j= 7 i.e. r=  0.4
 Windmill State          dCT/F =   0.236033289
 Convergence was achieved in  70iterations.

 At j= 8 i.e. r=  0.425
 Windmill State          dCT/F =   0.219318969
 Convergence was achieved in  70iterations.

 At j= 9 i.e. r=  0.45
 Windmill State          dCT/F =   0.20663331
 Convergence was achieved in  69iterations.

 At j= 10 i.e. r=  0.475
 Windmill State          dCT/F =   0.196552794
 Convergence was achieved in  69iterations.

 At j= 11 i.e. r=  0.5
 Windmill State          dCT/F =   0.188763346
 Convergence was achieved in  69iterations.

 At j= 12 i.e. r=  0.525
 Windmill State          dCT/F =   0.182746231
 Convergence was achieved in  69iterations.

 At j= 13 i.e. r=  0.55
 Windmill State          dCT/F =   0.178260417
 Convergence was achieved in  69iterations.

 At j= 14 i.e. r=  0.575
 Windmill State          dCT/F =   0.175110179
 Convergence was achieved in  69iterations.

 At j= 15 i.e. r=  0.6
 Windmill State          dCT/F =   0.173034291
 Convergence was achieved in  69iterations.

 At j= 16 i.e. r=  0.625
 Windmill State          dCT/F =   0.172039857
 Convergence was achieved in  69iterations.

 At j= 17 i.e. r=  0.65
 Windmill State          dCT/F =   0.171989638
 Convergence was achieved in  69iterations.

 At j= 18 i.e. r=  0.675
 Windmill State          dCT/F =   0.172872051
 Convergence was achieved in  69iterations.

 At j= 19 i.e. r=  0.7
 Windmill State          dCT/F =   0.174695823
 Convergence was achieved in  70iterations.

 At j= 20 i.e. r=  0.725
 Windmill State          dCT/F =   0.177492152
 Convergence was achieved in  70iterations.

 At j= 21 i.e. r=  0.75
 Windmill State          dCT/F =   0.181363974
 Convergence was achieved in  70iterations.

 At j= 22 i.e. r=  0.775
 Windmill State          dCT/F =   0.1864587
 Convergence was achieved in  71iterations.

 At j= 23 i.e. r=  0.8
 Windmill State          dCT/F =   0.193031201
 Convergence was achieved in  71iterations.

 At j= 24 i.e. r=  0.825
 Windmill State          dCT/F =   0.201482451
 Convergence was achieved in  72iterations.

 At j= 25 i.e. r=  0.85
 Windmill State          dCT/F =   0.212470233
 Convergence was achieved in  73iterations.

 At j= 26 i.e. r=  0.875
 Windmill State          dCT/F =   0.227121282
 Convergence was achieved in  74iterations.

 At j= 27 i.e. r=  0.9
 Windmill State          dCT/F =   0.247523556
 Convergence was achieved in  76iterations.

 At j= 28 i.e. r=  0.925
 Windmill State          dCT/F =   0.278048119
 Convergence was achieved in  78iterations.

 At j= 29 i.e. r=  0.95
 Windmill State          dCT/F =   0.329935815
 Convergence was achieved in  82iterations.

 At j= 30 i.e. r=  0.975
 Windmill State          dCT/F =   0.446806142
 Convergence was achieved in  91iterations.

 At j= 31 i.e. r=  1.
 Windmill State          dCT/F =   1.45666128E-008
 Convergence was achieved in  89iterations.

 BLADE ELEMENT MOMENTUM THEORY (BEMT)

 ++++++++++ NEW CASE +++++++++++
   Number   TSR      PITCH [deg]
       11   1.6489   3.0000

 Non-Dimensionalization :
  Length Scales    => Blade Radius  BRADIUS
  Velocity Scales  => Wind Speed    VWIND

  In other words ... BRADIUS = VWIND = 1.00

 Modifying Blade Twist from INPUT :
  Adding  4.816deg to get Tip Pitch Angle of  3.deg

  Number    r/R     Twist[deg]
 ------------------------------
        1   0.2500  24.8560
        2   0.2750  21.9732
        3   0.3000  19.1080
        4   0.3250  16.9803
        5   0.3500  15.2840
        6   0.3750  13.6465
        7   0.4000  12.2696
        8   0.4250  11.1749
        9   0.4500  10.0891
       10   0.4750   9.2610
       11   0.5000   8.5110
       12   0.5250   7.8890
       13   0.5500   7.3390
       14   0.5750   6.8225
       15   0.6000   6.4401
       16   0.6250   6.0578
       17   0.6500   5.7490
       18   0.6750   5.4813
       19   0.7000   5.2349
       20   0.7250   5.0263
       21   0.7500   4.8177
       22   0.7750   4.6256
       23   0.8000   4.4350
       24   0.8250   4.2462
       25   0.8500   4.0638
       26   0.8750   3.8818
       27   0.9000   3.7048
       28   0.9250   3.5277
       29   0.9500   3.3470
       30   0.9750   3.1731
       31   1.0000   3.0000

 Note that Tip Pitch > 0 means ...
   i) Nose Down  or
  ii) Nose into the Wind

  ... this is different from Rotorcraft !

 +++++++++++++++++++++++++++++++++++++++++++++
 +    BLADE ELEMENT MOMENTUM THEORY (BEMT)   +
 +++++++++++++++++++++++++++++++++++++++++++++


 At j= 1 i.e. r=  0.25
 Windmill State          dCT/F =   2.26704391E-008
 Convergence was achieved in  89iterations.

 At j= 2 i.e. r=  0.275
 Windmill State          dCT/F =   0.516836451
 Convergence was achieved in  78iterations.

 At j= 3 i.e. r=  0.3
 Windmill State          dCT/F =   0.390866626
 Convergence was achieved in  74iterations.

 At j= 4 i.e. r=  0.325
 Windmill State          dCT/F =   0.3251314
 Convergence was achieved in  72iterations.

 At j= 5 i.e. r=  0.35
 Windmill State          dCT/F =   0.282579568
 Convergence was achieved in  71iterations.

 At j= 6 i.e. r=  0.375
 Windmill State          dCT/F =   0.253050573
 Convergence was achieved in  70iterations.

 At j= 7 i.e. r=  0.4
 Windmill State          dCT/F =   0.230937359
 Convergence was achieved in  70iterations.

 At j= 8 i.e. r=  0.425
 Windmill State          dCT/F =   0.213720268
 Convergence was achieved in  69iterations.

 At j= 9 i.e. r=  0.45
 Windmill State          dCT/F =   0.200518893
 Convergence was achieved in  69iterations.

 At j= 10 i.e. r=  0.475
 Windmill State          dCT/F =   0.189869925
 Convergence was achieved in  68iterations.

 At j= 11 i.e. r=  0.5
 Windmill State          dCT/F =   0.181491698
 Convergence was achieved in  68iterations.

 At j= 12 i.e. r=  0.525
 Windmill State          dCT/F =   0.174855785
 Convergence was achieved in  68iterations.

 At j= 13 i.e. r=  0.55
 Windmill State          dCT/F =   0.169728844
 Convergence was achieved in  68iterations.

 At j= 14 i.e. r=  0.575
 Windmill State          dCT/F =   0.165919243
 Convergence was achieved in  68iterations.

 At j= 15 i.e. r=  0.6
 Windmill State          dCT/F =   0.163144348
 Convergence was achieved in  68iterations.

 At j= 16 i.e. r=  0.625
 Windmill State          dCT/F =   0.161431389
 Convergence was achieved in  68iterations.

 At j= 17 i.e. r=  0.65
 Windmill State          dCT/F =   0.160624663
 Convergence was achieved in  68iterations.

 At j= 18 i.e. r=  0.675
 Windmill State          dCT/F =   0.160712122
 Convergence was achieved in  68iterations.

 At j= 19 i.e. r=  0.7
 Windmill State          dCT/F =   0.161698236
 Convergence was achieved in  68iterations.

 At j= 20 i.e. r=  0.725
 Windmill State          dCT/F =   0.163599282
 Convergence was achieved in  68iterations.

 At j= 21 i.e. r=  0.75
 Windmill State          dCT/F =   0.166510799
 Convergence was achieved in  69iterations.

 At j= 22 i.e. r=  0.775
 Windmill State          dCT/F =   0.170555553
 Convergence was achieved in  69iterations.

 At j= 23 i.e. r=  0.8
 Windmill State          dCT/F =   0.17595987
 Convergence was achieved in  70iterations.

 At j= 24 i.e. r=  0.825
 Windmill State          dCT/F =   0.183078105
 Convergence was achieved in  70iterations.

 At j= 25 i.e. r=  0.85
 Windmill State          dCT/F =   0.192491705
 Convergence was achieved in  71iterations.

 At j= 26 i.e. r=  0.875
 Windmill State          dCT/F =   0.20520381
 Convergence was achieved in  72iterations.

 At j= 27 i.e. r=  0.9
 Windmill State          dCT/F =   0.223071248
 Convergence was achieved in  73iterations.

 At j= 28 i.e. r=  0.925
 Windmill State          dCT/F =   0.249987153
 Convergence was achieved in  75iterations.

 At j= 29 i.e. r=  0.95
 Windmill State          dCT/F =   0.295963546
 Convergence was achieved in  79iterations.

 At j= 30 i.e. r=  0.975
 Windmill State          dCT/F =   0.399842862
 Convergence was achieved in  86iterations.

 At j= 31 i.e. r=  1.
 Windmill State          dCT/F =   1.30659681E-008
 Convergence was achieved in  89iterations.

 BLADE ELEMENT MOMENTUM THEORY (BEMT)

 ++++++++++ NEW CASE +++++++++++
   Number   TSR      PITCH [deg]
       12   1.5170   3.0000

 Non-Dimensionalization :
  Length Scales    => Blade Radius  BRADIUS
  Velocity Scales  => Wind Speed    VWIND

  In other words ... BRADIUS = VWIND = 1.00

 Modifying Blade Twist from INPUT :
  Adding  4.816deg to get Tip Pitch Angle of  3.deg

  Number    r/R     Twist[deg]
 ------------------------------
        1   0.2500  24.8560
        2   0.2750  21.9732
        3   0.3000  19.1080
        4   0.3250  16.9803
        5   0.3500  15.2840
        6   0.3750  13.6465
        7   0.4000  12.2696
        8   0.4250  11.1749
        9   0.4500  10.0891
       10   0.4750   9.2610
       11   0.5000   8.5110
       12   0.5250   7.8890
       13   0.5500   7.3390
       14   0.5750   6.8225
       15   0.6000   6.4401
       16   0.6250   6.0578
       17   0.6500   5.7490
       18   0.6750   5.4813
       19   0.7000   5.2349
       20   0.7250   5.0263
       21   0.7500   4.8177
       22   0.7750   4.6256
       23   0.8000   4.4350
       24   0.8250   4.2462
       25   0.8500   4.0638
       26   0.8750   3.8818
       27   0.9000   3.7048
       28   0.9250   3.5277
       29   0.9500   3.3470
       30   0.9750   3.1731
       31   1.0000   3.0000

 Note that Tip Pitch > 0 means ...
   i) Nose Down  or
  ii) Nose into the Wind

  ... this is different from Rotorcraft !

 +++++++++++++++++++++++++++++++++++++++++++++
 +    BLADE ELEMENT MOMENTUM THEORY (BEMT)   +
 +++++++++++++++++++++++++++++++++++++++++++++


 At j= 1 i.e. r=  0.25
 Windmill State          dCT/F =   2.27840889E-008
 Convergence was achieved in  89iterations.

 At j= 2 i.e. r=  0.275
 Windmill State          dCT/F =   0.512776875
 Convergence was achieved in  77iterations.

 At j= 3 i.e. r=  0.3
 Windmill State          dCT/F =   0.388613896
 Convergence was achieved in  73iterations.

 At j= 4 i.e. r=  0.325
 Windmill State          dCT/F =   0.323023929
 Convergence was achieved in  72iterations.

 At j= 5 i.e. r=  0.35
 Windmill State          dCT/F =   0.280253409
 Convergence was achieved in  71iterations.

 At j= 6 i.e. r=  0.375
 Windmill State          dCT/F =   0.250413937
 Convergence was achieved in  70iterations.

 At j= 7 i.e. r=  0.4
 Windmill State          dCT/F =   0.227920435
 Convergence was achieved in  69iterations.

 At j= 8 i.e. r=  0.425
 Windmill State          dCT/F =   0.210271543
 Convergence was achieved in  69iterations.

 At j= 9 i.e. r=  0.45
 Windmill State          dCT/F =   0.196636346
 Convergence was achieved in  68iterations.

 At j= 10 i.e. r=  0.475
 Windmill State          dCT/F =   0.185515659
 Convergence was achieved in  68iterations.

 At j= 11 i.e. r=  0.5
 Windmill State          dCT/F =   0.176654451
 Convergence was achieved in  67iterations.

 At j= 12 i.e. r=  0.525
 Windmill State          dCT/F =   0.169514616
 Convergence was achieved in  67iterations.

 At j= 13 i.e. r=  0.55
 Windmill State          dCT/F =   0.163868668
 Convergence was achieved in  67iterations.

 At j= 14 i.e. r=  0.575
 Windmill State          dCT/F =   0.159527738
 Convergence was achieved in  67iterations.

 At j= 15 i.e. r=  0.6
 Windmill State          dCT/F =   0.156191921
 Convergence was achieved in  67iterations.

 At j= 16 i.e. r=  0.625
 Windmill State          dCT/F =   0.153903951
 Convergence was achieved in  67iterations.

 At j= 17 i.e. r=  0.65
 Windmill State          dCT/F =   0.152493288
 Convergence was achieved in  67iterations.

 At j= 18 i.e. r=  0.675
 Windmill State          dCT/F =   0.15194726
 Convergence was achieved in  67iterations.

 At j= 19 i.e. r=  0.7
 Windmill State          dCT/F =   0.152266649
 Convergence was achieved in  67iterations.

 At j= 20 i.e. r=  0.725
 Windmill State          dCT/F =   0.153456155
 Convergence was achieved in  67iterations.

 At j= 21 i.e. r=  0.75
 Windmill State          dCT/F =   0.155605444
 Convergence was achieved in  68iterations.

 At j= 22 i.e. r=  0.775
 Windmill State          dCT/F =   0.158817714
 Convergence was achieved in  68iterations.

 At j= 23 i.e. r=  0.8
 Windmill State          dCT/F =   0.163297792
 Convergence was achieved in  68iterations.

 At j= 24 i.e. r=  0.825
 Windmill State          dCT/F =   0.169363041
 Convergence was achieved in  69iterations.

 At j= 25 i.e. r=  0.85
 Windmill State          dCT/F =   0.177536776
 Convergence was achieved in  70iterations.

 At j= 26 i.e. r=  0.875
 Windmill State          dCT/F =   0.188726396
 Convergence was achieved in  71iterations.

 At j= 27 i.e. r=  0.9
 Windmill State          dCT/F =   0.204609901
 Convergence was achieved in  72iterations.

 At j= 28 i.e. r=  0.925
 Windmill State          dCT/F =   0.228710717
 Convergence was achieved in  73iterations.

 At j= 29 i.e. r=  0.95
 Windmill State          dCT/F =   0.270086022
 Convergence was achieved in  76iterations.

 At j= 30 i.e. r=  0.975
 Windmill State          dCT/F =   0.363835582
 Convergence was achieved in  83iterations.

 At j= 31 i.e. r=  1.
 Windmill State          dCT/F =   1.19195643E-008
 Convergence was achieved in  89iterations.

 BLADE ELEMENT MOMENTUM THEORY (BEMT)

